[0.029s] Invoking command in '/home/ubuntu/slam_ws/build/my_slam_package': AMENT_PREFIX_PATH=/home/ubuntu/slam_ws/install/rplidar_ros:${AMENT_PREFIX_PATH} CMAKE_PREFIX_PATH=/home/ubuntu/slam_ws/install/rplidar_ros:/opt/ros/jazzy/opt/gz_sim_vendor:/opt/ros/jazzy/opt/gz_sensors_vendor:/opt/ros/jazzy/opt/gz_physics_vendor:/opt/ros/jazzy/opt/sdformat_vendor:/opt/ros/jazzy/opt/gz_gui_vendor:/opt/ros/jazzy/opt/gz_transport_vendor:/opt/ros/jazzy/opt/gz_rendering_vendor:/opt/ros/jazzy/opt/gz_plugin_vendor:/opt/ros/jazzy/opt/gz_fuel_tools_vendor:/opt/ros/jazzy/opt/gz_msgs_vendor:/opt/ros/jazzy/opt/gz_common_vendor:/opt/ros/jazzy/opt/gz_math_vendor:/opt/ros/jazzy/opt/gz_utils_vendor:/opt/ros/jazzy/opt/gz_tools_vendor:/opt/ros/jazzy/opt/gz_ogre_next_vendor:/opt/ros/jazzy/opt/gz_dartsim_vendor:/opt/ros/jazzy/opt/gz_cmake_vendor:/opt/ros/jazzy DEBUGINFOD_URLS=https://debuginfod.ubuntu.com /usr/bin/cmake --build /home/ubuntu/slam_ws/build/my_slam_package -- -j4 -l4
[0.082s] -- Found ament_cmake: 2.5.4 (/opt/ros/jazzy/share/ament_cmake/cmake)
[0.432s] -- Found rclcpp: 28.1.9 (/opt/ros/jazzy/share/rclcpp/cmake)
[0.468s] -- Found rosidl_generator_c: 4.6.5 (/opt/ros/jazzy/share/rosidl_generator_c/cmake)
[0.482s] -- Found rosidl_generator_cpp: 4.6.5 (/opt/ros/jazzy/share/rosidl_generator_cpp/cmake)
[0.498s] -- Using all available rosidl_typesupport_c: rosidl_typesupport_fastrtps_c;rosidl_typesupport_introspection_c
[0.520s] -- Using all available rosidl_typesupport_cpp: rosidl_typesupport_fastrtps_cpp;rosidl_typesupport_introspection_cpp
[0.604s] -- Found rmw_implementation_cmake: 7.3.2 (/opt/ros/jazzy/share/rmw_implementation_cmake/cmake)
[0.606s] -- Found rmw_fastrtps_cpp: 8.4.2 (/opt/ros/jazzy/share/rmw_fastrtps_cpp/cmake)
[0.704s] -- Using RMW implementation 'rmw_fastrtps_cpp' as default
[0.789s] -- Found slam_toolbox: 2.8.3 (/opt/ros/jazzy/share/slam_toolbox/cmake)
[1.147s] -- Found eigen3_cmake_module: 0.3.0 (/opt/ros/jazzy/share/eigen3_cmake_module/cmake)
[1.149s] -- Ensuring Eigen3 include directory is part of orocos-kdl CMake target
[1.280s] -- Setting OGRE_DIR to: '/opt/ros/jazzy/share/rviz_ogre_vendor/cmake/../../../opt/rviz_ogre_vendor/lib/OGRE/cmake'
[1.281s] -- Found OGRE
[1.281s] --   static     : OFF
[1.281s] --   components : MeshLodGenerator;Overlay;Paging;Property;RTShaderSystem;Terrain;Volume
[1.282s] --   plugins    : Plugin_BSPSceneManager;Plugin_OctreeSceneManager;Plugin_PCZSceneManager;Plugin_ParticleFX;RenderSystem_GL;RenderSystem_GL3Plus;Codec_STBI
[1.282s] --   media      : /opt/ros/jazzy/opt/rviz_ogre_vendor/share/OGRE/Media
[1.282s] -- OGRE_LIBRARIES: OgreMeshLodGenerator;OgreOverlay;OgrePaging;OgreProperty;OgreRTShaderSystem;OgreTerrain;OgreVolume;OgreMain
[1.282s] -- OGRE_LIBRARY_DIRS: /opt/ros/jazzy/opt/rviz_ogre_vendor/lib
[1.282s] -- OGRE_PLUGINS: Plugin_BSPSceneManager;Plugin_OctreeSceneManager;Plugin_PCZSceneManager;Plugin_ParticleFX;RenderSystem_GL;RenderSystem_GL3Plus;Codec_STBI
[1.282s] -- OGRE_PLUGIN_DIR: /opt/ros/jazzy/opt/rviz_ogre_vendor/lib/OGRE
[1.282s] -- rviz_ogre_vendor::OgreOverlay for IMPORTED_LOCATION_RELEASE: /opt/ros/jazzy/opt/rviz_ogre_vendor/lib/libOgreOverlay.so
[1.282s] -- rviz_ogre_vendor::OgreOverlay for IMPORTED_LOCATION_DEBUG: /opt/ros/jazzy/opt/rviz_ogre_vendor/lib/libOgreOverlay.so
[1.282s] -- rviz_ogre_vendor::OgreMain for IMPORTED_LOCATION_RELEASE: /opt/ros/jazzy/opt/rviz_ogre_vendor/lib/libOgreMain.so
[1.282s] -- rviz_ogre_vendor::OgreMain for IMPORTED_LOCATION_DEBUG: /opt/ros/jazzy/opt/rviz_ogre_vendor/lib/libOgreMain.so
[1.433s] -- Setting yaml-cpp_DIR to: '/opt/ros/jazzy/share/yaml_cpp_vendor/cmake/../../../opt/yaml_cpp_vendor/share/cmake/yaml-cpp'
[1.569s] -- Found rviz2: 14.1.11 (/opt/ros/jazzy/share/rviz2/cmake)
[1.577s] -- Found nav2_map_server: 1.3.6 (/opt/ros/jazzy/share/nav2_map_server/cmake)
[1.823s] -- Found rplidar_ros: 2.1.4 (/home/ubuntu/slam_ws/install/rplidar_ros/share/rplidar_ros/cmake)
[1.828s] [33mCMake Warning at /home/ubuntu/slam_ws/install/rplidar_ros/share/rplidar_ros/cmake/ament_cmake_export_include_directories-extras.cmake:11 (message):
[1.828s]   Package 'rplidar_ros' exports the include directory
[1.828s]   '/home/ubuntu/slam_ws/install/rplidar_ros/share/rplidar_ros/cmake/../../../include'
[1.828s]   which doesn't exist
[1.828s] Call Stack (most recent call first):
[1.828s]   /home/ubuntu/slam_ws/install/rplidar_ros/share/rplidar_ros/cmake/rplidar_rosConfig.cmake:41 (include)
[1.828s]   CMakeLists.txt:15 (find_package)
[1.828s] 
[1.828s] [0m
[1.978s] -- Configuring done (1.9s)
[1.993s] -- Generating done (0.0s)
[2.003s] -- Build files have been written to: /home/ubuntu/slam_ws/build/my_slam_package
[2.069s] Invoked command in '/home/ubuntu/slam_ws/build/my_slam_package' returned '0': AMENT_PREFIX_PATH=/home/ubuntu/slam_ws/install/rplidar_ros:${AMENT_PREFIX_PATH} CMAKE_PREFIX_PATH=/home/ubuntu/slam_ws/install/rplidar_ros:/opt/ros/jazzy/opt/gz_sim_vendor:/opt/ros/jazzy/opt/gz_sensors_vendor:/opt/ros/jazzy/opt/gz_physics_vendor:/opt/ros/jazzy/opt/sdformat_vendor:/opt/ros/jazzy/opt/gz_gui_vendor:/opt/ros/jazzy/opt/gz_transport_vendor:/opt/ros/jazzy/opt/gz_rendering_vendor:/opt/ros/jazzy/opt/gz_plugin_vendor:/opt/ros/jazzy/opt/gz_fuel_tools_vendor:/opt/ros/jazzy/opt/gz_msgs_vendor:/opt/ros/jazzy/opt/gz_common_vendor:/opt/ros/jazzy/opt/gz_math_vendor:/opt/ros/jazzy/opt/gz_utils_vendor:/opt/ros/jazzy/opt/gz_tools_vendor:/opt/ros/jazzy/opt/gz_ogre_next_vendor:/opt/ros/jazzy/opt/gz_dartsim_vendor:/opt/ros/jazzy/opt/gz_cmake_vendor:/opt/ros/jazzy DEBUGINFOD_URLS=https://debuginfod.ubuntu.com /usr/bin/cmake --build /home/ubuntu/slam_ws/build/my_slam_package -- -j4 -l4
[2.071s] Invoking command in '/home/ubuntu/slam_ws/build/my_slam_package': AMENT_PREFIX_PATH=/home/ubuntu/slam_ws/install/rplidar_ros:${AMENT_PREFIX_PATH} CMAKE_PREFIX_PATH=/home/ubuntu/slam_ws/install/rplidar_ros:/opt/ros/jazzy/opt/gz_sim_vendor:/opt/ros/jazzy/opt/gz_sensors_vendor:/opt/ros/jazzy/opt/gz_physics_vendor:/opt/ros/jazzy/opt/sdformat_vendor:/opt/ros/jazzy/opt/gz_gui_vendor:/opt/ros/jazzy/opt/gz_transport_vendor:/opt/ros/jazzy/opt/gz_rendering_vendor:/opt/ros/jazzy/opt/gz_plugin_vendor:/opt/ros/jazzy/opt/gz_fuel_tools_vendor:/opt/ros/jazzy/opt/gz_msgs_vendor:/opt/ros/jazzy/opt/gz_common_vendor:/opt/ros/jazzy/opt/gz_math_vendor:/opt/ros/jazzy/opt/gz_utils_vendor:/opt/ros/jazzy/opt/gz_tools_vendor:/opt/ros/jazzy/opt/gz_ogre_next_vendor:/opt/ros/jazzy/opt/gz_dartsim_vendor:/opt/ros/jazzy/opt/gz_cmake_vendor:/opt/ros/jazzy DEBUGINFOD_URLS=https://debuginfod.ubuntu.com /usr/bin/cmake --install /home/ubuntu/slam_ws/build/my_slam_package
[2.089s] -- Install configuration: ""
[2.089s] -- Up-to-date: /home/ubuntu/slam_ws/install/my_slam_package/share/my_slam_package/config
[2.089s] -- Up-to-date: /home/ubuntu/slam_ws/install/my_slam_package/share/my_slam_package/config/slam_params.yaml
[2.089s] -- Up-to-date: /home/ubuntu/slam_ws/install/my_slam_package/share/my_slam_package/config/lidar.yaml
[2.089s] -- Up-to-date: /home/ubuntu/slam_ws/install/my_slam_package/share/my_slam_package/launch
[2.089s] -- Installing: /home/ubuntu/slam_ws/install/my_slam_package/share/my_slam_package/launch/slam.launch.py
[2.089s] -- Up-to-date: /home/ubuntu/slam_ws/install/my_slam_package/share/my_slam_package/rviz
[2.090s] -- Installing: /home/ubuntu/slam_ws/install/my_slam_package/share/my_slam_package/rviz/slam.rviz
[2.090s] -- Installing: /home/ubuntu/slam_ws/install/my_slam_package/share/my_slam_package/maps
[2.090s] -- Installing: /home/ubuntu/slam_ws/install/my_slam_package/share/my_slam_package/urdf
[2.090s] -- Installing: /home/ubuntu/slam_ws/install/my_slam_package/share/my_slam_package/urdf/robot.urdf
[2.090s] -- Installing: /home/ubuntu/slam_ws/install/my_slam_package/share/ament_index/resource_index/package_run_dependencies/my_slam_package
[2.090s] -- Up-to-date: /home/ubuntu/slam_ws/install/my_slam_package/share/ament_index/resource_index/parent_prefix_path/my_slam_package
[2.090s] -- Up-to-date: /home/ubuntu/slam_ws/install/my_slam_package/share/my_slam_package/environment/ament_prefix_path.sh
[2.090s] -- Up-to-date: /home/ubuntu/slam_ws/install/my_slam_package/share/my_slam_package/environment/ament_prefix_path.dsv
[2.090s] -- Up-to-date: /home/ubuntu/slam_ws/install/my_slam_package/share/my_slam_package/environment/path.sh
[2.090s] -- Up-to-date: /home/ubuntu/slam_ws/install/my_slam_package/share/my_slam_package/environment/path.dsv
[2.091s] -- Up-to-date: /home/ubuntu/slam_ws/install/my_slam_package/share/my_slam_package/local_setup.bash
[2.091s] -- Up-to-date: /home/ubuntu/slam_ws/install/my_slam_package/share/my_slam_package/local_setup.sh
[2.091s] -- Up-to-date: /home/ubuntu/slam_ws/install/my_slam_package/share/my_slam_package/local_setup.zsh
[2.091s] -- Up-to-date: /home/ubuntu/slam_ws/install/my_slam_package/share/my_slam_package/local_setup.dsv
[2.091s] -- Up-to-date: /home/ubuntu/slam_ws/install/my_slam_package/share/my_slam_package/package.dsv
[2.091s] -- Up-to-date: /home/ubuntu/slam_ws/install/my_slam_package/share/ament_index/resource_index/packages/my_slam_package
[2.091s] -- Up-to-date: /home/ubuntu/slam_ws/install/my_slam_package/share/my_slam_package/cmake/my_slam_packageConfig.cmake
[2.091s] -- Up-to-date: /home/ubuntu/slam_ws/install/my_slam_package/share/my_slam_package/cmake/my_slam_packageConfig-version.cmake
[2.091s] -- Installing: /home/ubuntu/slam_ws/install/my_slam_package/share/my_slam_package/package.xml
[2.094s] Invoked command in '/home/ubuntu/slam_ws/build/my_slam_package' returned '0': AMENT_PREFIX_PATH=/home/ubuntu/slam_ws/install/rplidar_ros:${AMENT_PREFIX_PATH} CMAKE_PREFIX_PATH=/home/ubuntu/slam_ws/install/rplidar_ros:/opt/ros/jazzy/opt/gz_sim_vendor:/opt/ros/jazzy/opt/gz_sensors_vendor:/opt/ros/jazzy/opt/gz_physics_vendor:/opt/ros/jazzy/opt/sdformat_vendor:/opt/ros/jazzy/opt/gz_gui_vendor:/opt/ros/jazzy/opt/gz_transport_vendor:/opt/ros/jazzy/opt/gz_rendering_vendor:/opt/ros/jazzy/opt/gz_plugin_vendor:/opt/ros/jazzy/opt/gz_fuel_tools_vendor:/opt/ros/jazzy/opt/gz_msgs_vendor:/opt/ros/jazzy/opt/gz_common_vendor:/opt/ros/jazzy/opt/gz_math_vendor:/opt/ros/jazzy/opt/gz_utils_vendor:/opt/ros/jazzy/opt/gz_tools_vendor:/opt/ros/jazzy/opt/gz_ogre_next_vendor:/opt/ros/jazzy/opt/gz_dartsim_vendor:/opt/ros/jazzy/opt/gz_cmake_vendor:/opt/ros/jazzy DEBUGINFOD_URLS=https://debuginfod.ubuntu.com /usr/bin/cmake --install /home/ubuntu/slam_ws/build/my_slam_package
