-- Install configuration: ""
-- Up-to-date: /home/ubuntu/slam_ws/install/my_slam_package/share/my_slam_package/config
-- Up-to-date: /home/ubuntu/slam_ws/install/my_slam_package/share/my_slam_package/config/slam_params.yaml
-- Up-to-date: /home/ubuntu/slam_ws/install/my_slam_package/share/my_slam_package/config/nav2_params
-- Up-to-date: /home/ubuntu/slam_ws/install/my_slam_package/share/my_slam_package/config/lidar.yaml
-- Up-to-date: /home/ubuntu/slam_ws/install/my_slam_package/share/my_slam_package/launch
-- Up-to-date: /home/ubuntu/slam_ws/install/my_slam_package/share/my_slam_package/launch/navigation.launch.py
-- Up-to-date: /home/ubuntu/slam_ws/install/my_slam_package/share/my_slam_package/launch/slam.launch.py
-- Up-to-date: /home/ubuntu/slam_ws/install/my_slam_package/share/my_slam_package/rviz
-- Up-to-date: /home/ubuntu/slam_ws/install/my_slam_package/share/my_slam_package/rviz/slam.rviz
-- Up-to-date: /home/ubuntu/slam_ws/install/my_slam_package/share/my_slam_package/maps
-- Up-to-date: /home/ubuntu/slam_ws/install/my_slam_package/share/my_slam_package/maps/map.yaml
-- Up-to-date: /home/ubuntu/slam_ws/install/my_slam_package/share/my_slam_package/maps/map.pgm
-- Up-to-date: /home/ubuntu/slam_ws/install/my_slam_package/share/my_slam_package/scripts
-- Up-to-date: /home/ubuntu/slam_ws/install/my_slam_package/share/my_slam_package/scripts/vel_to_serial.py
-- Installing: /home/ubuntu/slam_ws/install/my_slam_package/share/my_slam_package/scripts/odom_publisher.py
-- Up-to-date: /home/ubuntu/slam_ws/install/my_slam_package/share/my_slam_package/scripts/waypoint_navigator.py
-- Up-to-date: /home/ubuntu/slam_ws/install/my_slam_package/share/my_slam_package/urdf
-- Up-to-date: /home/ubuntu/slam_ws/install/my_slam_package/share/my_slam_package/urdf/robot.urdf
-- Installing: /home/ubuntu/slam_ws/install/my_slam_package/lib/my_slam_package/odom_publisher.py
-- Up-to-date: /home/ubuntu/slam_ws/install/my_slam_package/lib/my_slam_package/vel_to_serial.py
-- Up-to-date: /home/ubuntu/slam_ws/install/my_slam_package/lib/my_slam_package/waypoint_navigator.py
-- Up-to-date: /home/ubuntu/slam_ws/install/my_slam_package/share/ament_index/resource_index/package_run_dependencies/my_slam_package
-- Up-to-date: /home/ubuntu/slam_ws/install/my_slam_package/share/ament_index/resource_index/parent_prefix_path/my_slam_package
-- Up-to-date: /home/ubuntu/slam_ws/install/my_slam_package/share/my_slam_package/environment/ament_prefix_path.sh
-- Up-to-date: /home/ubuntu/slam_ws/install/my_slam_package/share/my_slam_package/environment/ament_prefix_path.dsv
-- Up-to-date: /home/ubuntu/slam_ws/install/my_slam_package/share/my_slam_package/environment/path.sh
-- Up-to-date: /home/ubuntu/slam_ws/install/my_slam_package/share/my_slam_package/environment/path.dsv
-- Up-to-date: /home/ubuntu/slam_ws/install/my_slam_package/share/my_slam_package/local_setup.bash
-- Up-to-date: /home/ubuntu/slam_ws/install/my_slam_package/share/my_slam_package/local_setup.sh
-- Up-to-date: /home/ubuntu/slam_ws/install/my_slam_package/share/my_slam_package/local_setup.zsh
-- Up-to-date: /home/ubuntu/slam_ws/install/my_slam_package/share/my_slam_package/local_setup.dsv
-- Installing: /home/ubuntu/slam_ws/install/my_slam_package/share/my_slam_package/package.dsv
-- Up-to-date: /home/ubuntu/slam_ws/install/my_slam_package/share/ament_index/resource_index/packages/my_slam_package
-- Up-to-date: /home/ubuntu/slam_ws/install/my_slam_package/share/my_slam_package/cmake/my_slam_packageConfig.cmake
-- Up-to-date: /home/ubuntu/slam_ws/install/my_slam_package/share/my_slam_package/cmake/my_slam_packageConfig-version.cmake
-- Up-to-date: /home/ubuntu/slam_ws/install/my_slam_package/share/my_slam_package/package.xml
