-- Found ament_cmake: 2.5.4 (/opt/ros/jazzy/share/ament_cmake/cmake)
-- Found rclpy: 7.1.4 (/opt/ros/jazzy/share/rclpy/cmake)
-- Found rclcpp: 28.1.9 (/opt/ros/jazzy/share/rclcpp/cmake)
-- Found rosidl_generator_c: 4.6.5 (/opt/ros/jazzy/share/rosidl_generator_c/cmake)
-- Found rosidl_generator_cpp: 4.6.5 (/opt/ros/jazzy/share/rosidl_generator_cpp/cmake)
-- Using all available rosidl_typesupport_c: rosidl_typesupport_fastrtps_c;rosidl_typesupport_introspection_c
-- Using all available rosidl_typesupport_cpp: rosidl_typesupport_fastrtps_cpp;rosidl_typesupport_introspection_cpp
-- Found rmw_implementation_cmake: 7.3.2 (/opt/ros/jazzy/share/rmw_implementation_cmake/cmake)
-- Found rmw_fastrtps_cpp: 8.4.2 (/opt/ros/jazzy/share/rmw_fastrtps_cpp/cmake)
-- Using RMW implementation 'rmw_fastrtps_cpp' as default
-- Found nav_msgs: 5.3.6 (/opt/ros/jazzy/share/nav_msgs/cmake)
-- Found slam_toolbox: 2.8.3 (/opt/ros/jazzy/share/slam_toolbox/cmake)
-- Found eigen3_cmake_module: 0.3.0 (/opt/ros/jazzy/share/eigen3_cmake_module/cmake)
-- Ensuring Eigen3 include directory is part of orocos-kdl CMake target
-- Setting OGRE_DIR to: '/opt/ros/jazzy/share/rviz_ogre_vendor/cmake/../../../opt/rviz_ogre_vendor/lib/OGRE/cmake'
-- Found OGRE
--   static     : OFF
--   components : MeshLodGenerator;Overlay;Paging;Property;RTShaderSystem;Terrain;Volume
--   plugins    : Plugin_BSPSceneManager;Plugin_OctreeSceneManager;Plugin_PCZSceneManager;Plugin_ParticleFX;RenderSystem_GL;RenderSystem_GL3Plus;Codec_STBI
--   media      : /opt/ros/jazzy/opt/rviz_ogre_vendor/share/OGRE/Media
-- OGRE_LIBRARIES: OgreMeshLodGenerator;OgreOverlay;OgrePaging;OgreProperty;OgreRTShaderSystem;OgreTerrain;OgreVolume;OgreMain
-- OGRE_LIBRARY_DIRS: /opt/ros/jazzy/opt/rviz_ogre_vendor/lib
-- OGRE_PLUGINS: Plugin_BSPSceneManager;Plugin_OctreeSceneManager;Plugin_PCZSceneManager;Plugin_ParticleFX;RenderSystem_GL;RenderSystem_GL3Plus;Codec_STBI
-- OGRE_PLUGIN_DIR: /opt/ros/jazzy/opt/rviz_ogre_vendor/lib/OGRE
-- rviz_ogre_vendor::OgreOverlay for IMPORTED_LOCATION_RELEASE: /opt/ros/jazzy/opt/rviz_ogre_vendor/lib/libOgreOverlay.so
-- rviz_ogre_vendor::OgreOverlay for IMPORTED_LOCATION_DEBUG: /opt/ros/jazzy/opt/rviz_ogre_vendor/lib/libOgreOverlay.so
-- rviz_ogre_vendor::OgreMain for IMPORTED_LOCATION_RELEASE: /opt/ros/jazzy/opt/rviz_ogre_vendor/lib/libOgreMain.so
-- rviz_ogre_vendor::OgreMain for IMPORTED_LOCATION_DEBUG: /opt/ros/jazzy/opt/rviz_ogre_vendor/lib/libOgreMain.so
-- Setting yaml-cpp_DIR to: '/opt/ros/jazzy/share/yaml_cpp_vendor/cmake/../../../opt/yaml_cpp_vendor/share/cmake/yaml-cpp'
-- Found rviz2: 14.1.11 (/opt/ros/jazzy/share/rviz2/cmake)
-- Found nav2_bringup: 1.3.6 (/opt/ros/jazzy/share/nav2_bringup/cmake)
-- Found nav2_map_server: 1.3.6 (/opt/ros/jazzy/share/nav2_map_server/cmake)
-- Found robot_state_publisher: 3.3.3 (/opt/ros/jazzy/share/robot_state_publisher/cmake)
-- Found rplidar_ros: 2.1.4 (/home/ubuntu/slam_ws/install/rplidar_ros/share/rplidar_ros/cmake)
[33mCMake Warning at /home/ubuntu/slam_ws/install/rplidar_ros/share/rplidar_ros/cmake/ament_cmake_export_include_directories-extras.cmake:11 (message):
  Package 'rplidar_ros' exports the include directory
  '/home/ubuntu/slam_ws/install/rplidar_ros/share/rplidar_ros/cmake/../../../include'
  which doesn't exist
Call Stack (most recent call first):
  /home/ubuntu/slam_ws/install/rplidar_ros/share/rplidar_ros/cmake/rplidar_rosConfig.cmake:41 (include)
  CMakeLists.txt:20 (find_package)

[0m
-- Configuring done (1.9s)
-- Generating done (0.0s)
-- Build files have been written to: /home/ubuntu/slam_ws/build/my_slam_package
-- Install configuration: ""
-- Up-to-date: /home/ubuntu/slam_ws/install/my_slam_package/share/my_slam_package/config
-- Installing: /home/ubuntu/slam_ws/install/my_slam_package/share/my_slam_package/config/slam_params.yaml
-- Installing: /home/ubuntu/slam_ws/install/my_slam_package/share/my_slam_package/config/nav2_params
-- Up-to-date: /home/ubuntu/slam_ws/install/my_slam_package/share/my_slam_package/config/lidar.yaml
-- Up-to-date: /home/ubuntu/slam_ws/install/my_slam_package/share/my_slam_package/launch
-- Installing: /home/ubuntu/slam_ws/install/my_slam_package/share/my_slam_package/launch/navigation.launch.py
-- Installing: /home/ubuntu/slam_ws/install/my_slam_package/share/my_slam_package/launch/slam.launch.py
-- Up-to-date: /home/ubuntu/slam_ws/install/my_slam_package/share/my_slam_package/rviz
-- Installing: /home/ubuntu/slam_ws/install/my_slam_package/share/my_slam_package/rviz/slam.rviz
-- Up-to-date: /home/ubuntu/slam_ws/install/my_slam_package/share/my_slam_package/maps
-- Installing: /home/ubuntu/slam_ws/install/my_slam_package/share/my_slam_package/maps/map.yaml
-- Installing: /home/ubuntu/slam_ws/install/my_slam_package/share/my_slam_package/maps/map.pgm
-- Installing: /home/ubuntu/slam_ws/install/my_slam_package/share/my_slam_package/scripts
-- Installing: /home/ubuntu/slam_ws/install/my_slam_package/share/my_slam_package/scripts/vel_to_serial.py
-- Installing: /home/ubuntu/slam_ws/install/my_slam_package/share/my_slam_package/scripts/odom_publisher.py
-- Installing: /home/ubuntu/slam_ws/install/my_slam_package/share/my_slam_package/scripts/waypoint_navigator.py
-- Up-to-date: /home/ubuntu/slam_ws/install/my_slam_package/share/my_slam_package/urdf
-- Installing: /home/ubuntu/slam_ws/install/my_slam_package/share/my_slam_package/urdf/robot.urdf
-- Installing: /home/ubuntu/slam_ws/install/my_slam_package/lib/my_slam_package/odom_publisher.py
-- Installing: /home/ubuntu/slam_ws/install/my_slam_package/lib/my_slam_package/vel_to_serial.py
-- Installing: /home/ubuntu/slam_ws/install/my_slam_package/lib/my_slam_package/waypoint_navigator.py
-- Installing: /home/ubuntu/slam_ws/install/my_slam_package/share/ament_index/resource_index/package_run_dependencies/my_slam_package
-- Up-to-date: /home/ubuntu/slam_ws/install/my_slam_package/share/ament_index/resource_index/parent_prefix_path/my_slam_package
-- Up-to-date: /home/ubuntu/slam_ws/install/my_slam_package/share/my_slam_package/environment/ament_prefix_path.sh
-- Up-to-date: /home/ubuntu/slam_ws/install/my_slam_package/share/my_slam_package/environment/ament_prefix_path.dsv
-- Up-to-date: /home/ubuntu/slam_ws/install/my_slam_package/share/my_slam_package/environment/path.sh
-- Up-to-date: /home/ubuntu/slam_ws/install/my_slam_package/share/my_slam_package/environment/path.dsv
-- Up-to-date: /home/ubuntu/slam_ws/install/my_slam_package/share/my_slam_package/local_setup.bash
-- Up-to-date: /home/ubuntu/slam_ws/install/my_slam_package/share/my_slam_package/local_setup.sh
-- Up-to-date: /home/ubuntu/slam_ws/install/my_slam_package/share/my_slam_package/local_setup.zsh
-- Up-to-date: /home/ubuntu/slam_ws/install/my_slam_package/share/my_slam_package/local_setup.dsv
-- Installing: /home/ubuntu/slam_ws/install/my_slam_package/share/my_slam_package/package.dsv
-- Up-to-date: /home/ubuntu/slam_ws/install/my_slam_package/share/ament_index/resource_index/packages/my_slam_package
-- Up-to-date: /home/ubuntu/slam_ws/install/my_slam_package/share/my_slam_package/cmake/my_slam_packageConfig.cmake
-- Up-to-date: /home/ubuntu/slam_ws/install/my_slam_package/share/my_slam_package/cmake/my_slam_packageConfig-version.cmake
-- Installing: /home/ubuntu/slam_ws/install/my_slam_package/share/my_slam_package/package.xml
