[0.024s] Invoking command in '/home/ubuntu/slam_ws/build/my_slam_package': AMENT_PREFIX_PATH=/home/ubuntu/slam_ws/install/rplidar_ros:${AMENT_PREFIX_PATH} CMAKE_PREFIX_PATH=/home/ubuntu/slam_ws/install/rplidar_ros:/opt/ros/jazzy/opt/gz_sim_vendor:/opt/ros/jazzy/opt/gz_sensors_vendor:/opt/ros/jazzy/opt/gz_physics_vendor:/opt/ros/jazzy/opt/sdformat_vendor:/opt/ros/jazzy/opt/gz_gui_vendor:/opt/ros/jazzy/opt/gz_transport_vendor:/opt/ros/jazzy/opt/gz_rendering_vendor:/opt/ros/jazzy/opt/gz_plugin_vendor:/opt/ros/jazzy/opt/gz_fuel_tools_vendor:/opt/ros/jazzy/opt/gz_msgs_vendor:/opt/ros/jazzy/opt/gz_common_vendor:/opt/ros/jazzy/opt/gz_math_vendor:/opt/ros/jazzy/opt/gz_utils_vendor:/opt/ros/jazzy/opt/gz_tools_vendor:/opt/ros/jazzy/opt/gz_ogre_next_vendor:/opt/ros/jazzy/opt/gz_dartsim_vendor:/opt/ros/jazzy/opt/gz_cmake_vendor:/opt/ros/jazzy DEBUGINFOD_URLS=https://debuginfod.ubuntu.com /usr/bin/cmake --build /home/ubuntu/slam_ws/build/my_slam_package -- -j4 -l4
[0.080s] -- Found ament_cmake: 2.5.4 (/opt/ros/jazzy/share/ament_cmake/cmake)
[0.436s] -- Found rclpy: 7.1.4 (/opt/ros/jazzy/share/rclpy/cmake)
[0.436s] -- Found rclcpp: 28.1.9 (/opt/ros/jazzy/share/rclcpp/cmake)
[0.480s] -- Found rosidl_generator_c: 4.6.5 (/opt/ros/jazzy/share/rosidl_generator_c/cmake)
[0.492s] -- Found rosidl_generator_cpp: 4.6.5 (/opt/ros/jazzy/share/rosidl_generator_cpp/cmake)
[0.511s] -- Using all available rosidl_typesupport_c: rosidl_typesupport_fastrtps_c;rosidl_typesupport_introspection_c
[0.530s] -- Using all available rosidl_typesupport_cpp: rosidl_typesupport_fastrtps_cpp;rosidl_typesupport_introspection_cpp
[0.613s] -- Found rmw_implementation_cmake: 7.3.2 (/opt/ros/jazzy/share/rmw_implementation_cmake/cmake)
[0.615s] -- Found rmw_fastrtps_cpp: 8.4.2 (/opt/ros/jazzy/share/rmw_fastrtps_cpp/cmake)
[0.725s] -- Using RMW implementation 'rmw_fastrtps_cpp' as default
[0.813s] -- Found nav_msgs: 5.3.6 (/opt/ros/jazzy/share/nav_msgs/cmake)
[0.888s] -- Found slam_toolbox: 2.8.3 (/opt/ros/jazzy/share/slam_toolbox/cmake)
[1.169s] -- Found eigen3_cmake_module: 0.3.0 (/opt/ros/jazzy/share/eigen3_cmake_module/cmake)
[1.171s] -- Ensuring Eigen3 include directory is part of orocos-kdl CMake target
[1.298s] -- Setting OGRE_DIR to: '/opt/ros/jazzy/share/rviz_ogre_vendor/cmake/../../../opt/rviz_ogre_vendor/lib/OGRE/cmake'
[1.300s] -- Found OGRE
[1.300s] --   static     : OFF
[1.300s] --   components : MeshLodGenerator;Overlay;Paging;Property;RTShaderSystem;Terrain;Volume
[1.300s] --   plugins    : Plugin_BSPSceneManager;Plugin_OctreeSceneManager;Plugin_PCZSceneManager;Plugin_ParticleFX;RenderSystem_GL;RenderSystem_GL3Plus;Codec_STBI
[1.300s] --   media      : /opt/ros/jazzy/opt/rviz_ogre_vendor/share/OGRE/Media
[1.300s] -- OGRE_LIBRARIES: OgreMeshLodGenerator;OgreOverlay;OgrePaging;OgreProperty;OgreRTShaderSystem;OgreTerrain;OgreVolume;OgreMain
[1.300s] -- OGRE_LIBRARY_DIRS: /opt/ros/jazzy/opt/rviz_ogre_vendor/lib
[1.300s] -- OGRE_PLUGINS: Plugin_BSPSceneManager;Plugin_OctreeSceneManager;Plugin_PCZSceneManager;Plugin_ParticleFX;RenderSystem_GL;RenderSystem_GL3Plus;Codec_STBI
[1.300s] -- OGRE_PLUGIN_DIR: /opt/ros/jazzy/opt/rviz_ogre_vendor/lib/OGRE
[1.300s] -- rviz_ogre_vendor::OgreOverlay for IMPORTED_LOCATION_RELEASE: /opt/ros/jazzy/opt/rviz_ogre_vendor/lib/libOgreOverlay.so
[1.301s] -- rviz_ogre_vendor::OgreOverlay for IMPORTED_LOCATION_DEBUG: /opt/ros/jazzy/opt/rviz_ogre_vendor/lib/libOgreOverlay.so
[1.301s] -- rviz_ogre_vendor::OgreMain for IMPORTED_LOCATION_RELEASE: /opt/ros/jazzy/opt/rviz_ogre_vendor/lib/libOgreMain.so
[1.301s] -- rviz_ogre_vendor::OgreMain for IMPORTED_LOCATION_DEBUG: /opt/ros/jazzy/opt/rviz_ogre_vendor/lib/libOgreMain.so
[1.472s] -- Setting yaml-cpp_DIR to: '/opt/ros/jazzy/share/yaml_cpp_vendor/cmake/../../../opt/yaml_cpp_vendor/share/cmake/yaml-cpp'
[1.607s] -- Found rviz2: 14.1.11 (/opt/ros/jazzy/share/rviz2/cmake)
[1.613s] -- Found nav2_bringup: 1.3.6 (/opt/ros/jazzy/share/nav2_bringup/cmake)
[1.617s] -- Found nav2_map_server: 1.3.6 (/opt/ros/jazzy/share/nav2_map_server/cmake)
[1.822s] -- Found robot_state_publisher: 3.3.3 (/opt/ros/jazzy/share/robot_state_publisher/cmake)
[1.837s] -- Found rplidar_ros: 2.1.4 (/home/ubuntu/slam_ws/install/rplidar_ros/share/rplidar_ros/cmake)
[1.842s] [33mCMake Warning at /home/ubuntu/slam_ws/install/rplidar_ros/share/rplidar_ros/cmake/ament_cmake_export_include_directories-extras.cmake:11 (message):
[1.842s]   Package 'rplidar_ros' exports the include directory
[1.842s]   '/home/ubuntu/slam_ws/install/rplidar_ros/share/rplidar_ros/cmake/../../../include'
[1.842s]   which doesn't exist
[1.843s] Call Stack (most recent call first):
[1.843s]   /home/ubuntu/slam_ws/install/rplidar_ros/share/rplidar_ros/cmake/rplidar_rosConfig.cmake:41 (include)
[1.843s]   CMakeLists.txt:20 (find_package)
[1.843s] 
[1.843s] [0m
[2.021s] -- Configuring done (1.9s)
[2.116s] -- Generating done (0.0s)
[2.128s] -- Build files have been written to: /home/ubuntu/slam_ws/build/my_slam_package
[2.193s] Invoked command in '/home/ubuntu/slam_ws/build/my_slam_package' returned '0': AMENT_PREFIX_PATH=/home/ubuntu/slam_ws/install/rplidar_ros:${AMENT_PREFIX_PATH} CMAKE_PREFIX_PATH=/home/ubuntu/slam_ws/install/rplidar_ros:/opt/ros/jazzy/opt/gz_sim_vendor:/opt/ros/jazzy/opt/gz_sensors_vendor:/opt/ros/jazzy/opt/gz_physics_vendor:/opt/ros/jazzy/opt/sdformat_vendor:/opt/ros/jazzy/opt/gz_gui_vendor:/opt/ros/jazzy/opt/gz_transport_vendor:/opt/ros/jazzy/opt/gz_rendering_vendor:/opt/ros/jazzy/opt/gz_plugin_vendor:/opt/ros/jazzy/opt/gz_fuel_tools_vendor:/opt/ros/jazzy/opt/gz_msgs_vendor:/opt/ros/jazzy/opt/gz_common_vendor:/opt/ros/jazzy/opt/gz_math_vendor:/opt/ros/jazzy/opt/gz_utils_vendor:/opt/ros/jazzy/opt/gz_tools_vendor:/opt/ros/jazzy/opt/gz_ogre_next_vendor:/opt/ros/jazzy/opt/gz_dartsim_vendor:/opt/ros/jazzy/opt/gz_cmake_vendor:/opt/ros/jazzy DEBUGINFOD_URLS=https://debuginfod.ubuntu.com /usr/bin/cmake --build /home/ubuntu/slam_ws/build/my_slam_package -- -j4 -l4
[2.218s] Invoking command in '/home/ubuntu/slam_ws/build/my_slam_package': AMENT_PREFIX_PATH=/home/ubuntu/slam_ws/install/rplidar_ros:${AMENT_PREFIX_PATH} CMAKE_PREFIX_PATH=/home/ubuntu/slam_ws/install/rplidar_ros:/opt/ros/jazzy/opt/gz_sim_vendor:/opt/ros/jazzy/opt/gz_sensors_vendor:/opt/ros/jazzy/opt/gz_physics_vendor:/opt/ros/jazzy/opt/sdformat_vendor:/opt/ros/jazzy/opt/gz_gui_vendor:/opt/ros/jazzy/opt/gz_transport_vendor:/opt/ros/jazzy/opt/gz_rendering_vendor:/opt/ros/jazzy/opt/gz_plugin_vendor:/opt/ros/jazzy/opt/gz_fuel_tools_vendor:/opt/ros/jazzy/opt/gz_msgs_vendor:/opt/ros/jazzy/opt/gz_common_vendor:/opt/ros/jazzy/opt/gz_math_vendor:/opt/ros/jazzy/opt/gz_utils_vendor:/opt/ros/jazzy/opt/gz_tools_vendor:/opt/ros/jazzy/opt/gz_ogre_next_vendor:/opt/ros/jazzy/opt/gz_dartsim_vendor:/opt/ros/jazzy/opt/gz_cmake_vendor:/opt/ros/jazzy DEBUGINFOD_URLS=https://debuginfod.ubuntu.com /usr/bin/cmake --install /home/ubuntu/slam_ws/build/my_slam_package
[2.235s] -- Install configuration: ""
[2.235s] -- Up-to-date: /home/ubuntu/slam_ws/install/my_slam_package/share/my_slam_package/config
[2.235s] -- Installing: /home/ubuntu/slam_ws/install/my_slam_package/share/my_slam_package/config/slam_params.yaml
[2.235s] -- Installing: /home/ubuntu/slam_ws/install/my_slam_package/share/my_slam_package/config/nav2_params
[2.235s] -- Up-to-date: /home/ubuntu/slam_ws/install/my_slam_package/share/my_slam_package/config/lidar.yaml
[2.235s] -- Up-to-date: /home/ubuntu/slam_ws/install/my_slam_package/share/my_slam_package/launch
[2.235s] -- Installing: /home/ubuntu/slam_ws/install/my_slam_package/share/my_slam_package/launch/navigation.launch.py
[2.235s] -- Installing: /home/ubuntu/slam_ws/install/my_slam_package/share/my_slam_package/launch/slam.launch.py
[2.236s] -- Up-to-date: /home/ubuntu/slam_ws/install/my_slam_package/share/my_slam_package/rviz
[2.236s] -- Installing: /home/ubuntu/slam_ws/install/my_slam_package/share/my_slam_package/rviz/slam.rviz
[2.236s] -- Up-to-date: /home/ubuntu/slam_ws/install/my_slam_package/share/my_slam_package/maps
[2.236s] -- Installing: /home/ubuntu/slam_ws/install/my_slam_package/share/my_slam_package/maps/map.yaml
[2.236s] -- Installing: /home/ubuntu/slam_ws/install/my_slam_package/share/my_slam_package/maps/map.pgm
[2.236s] -- Installing: /home/ubuntu/slam_ws/install/my_slam_package/share/my_slam_package/scripts
[2.236s] -- Installing: /home/ubuntu/slam_ws/install/my_slam_package/share/my_slam_package/scripts/vel_to_serial.py
[2.236s] -- Installing: /home/ubuntu/slam_ws/install/my_slam_package/share/my_slam_package/scripts/odom_publisher.py
[2.236s] -- Installing: /home/ubuntu/slam_ws/install/my_slam_package/share/my_slam_package/scripts/waypoint_navigator.py
[2.236s] -- Up-to-date: /home/ubuntu/slam_ws/install/my_slam_package/share/my_slam_package/urdf
[2.237s] -- Installing: /home/ubuntu/slam_ws/install/my_slam_package/share/my_slam_package/urdf/robot.urdf
[2.237s] -- Installing: /home/ubuntu/slam_ws/install/my_slam_package/lib/my_slam_package/odom_publisher.py
[2.237s] -- Installing: /home/ubuntu/slam_ws/install/my_slam_package/lib/my_slam_package/vel_to_serial.py
[2.237s] -- Installing: /home/ubuntu/slam_ws/install/my_slam_package/lib/my_slam_package/waypoint_navigator.py
[2.237s] -- Installing: /home/ubuntu/slam_ws/install/my_slam_package/share/ament_index/resource_index/package_run_dependencies/my_slam_package
[2.237s] -- Up-to-date: /home/ubuntu/slam_ws/install/my_slam_package/share/ament_index/resource_index/parent_prefix_path/my_slam_package
[2.238s] -- Up-to-date: /home/ubuntu/slam_ws/install/my_slam_package/share/my_slam_package/environment/ament_prefix_path.sh
[2.238s] -- Up-to-date: /home/ubuntu/slam_ws/install/my_slam_package/share/my_slam_package/environment/ament_prefix_path.dsv
[2.238s] -- Up-to-date: /home/ubuntu/slam_ws/install/my_slam_package/share/my_slam_package/environment/path.sh
[2.238s] -- Up-to-date: /home/ubuntu/slam_ws/install/my_slam_package/share/my_slam_package/environment/path.dsv
[2.238s] -- Up-to-date: /home/ubuntu/slam_ws/install/my_slam_package/share/my_slam_package/local_setup.bash
[2.238s] -- Up-to-date: /home/ubuntu/slam_ws/install/my_slam_package/share/my_slam_package/local_setup.sh
[2.238s] -- Up-to-date: /home/ubuntu/slam_ws/install/my_slam_package/share/my_slam_package/local_setup.zsh
[2.238s] -- Up-to-date: /home/ubuntu/slam_ws/install/my_slam_package/share/my_slam_package/local_setup.dsv
[2.238s] -- Installing: /home/ubuntu/slam_ws/install/my_slam_package/share/my_slam_package/package.dsv
[2.238s] -- Up-to-date: /home/ubuntu/slam_ws/install/my_slam_package/share/ament_index/resource_index/packages/my_slam_package
[2.238s] -- Up-to-date: /home/ubuntu/slam_ws/install/my_slam_package/share/my_slam_package/cmake/my_slam_packageConfig.cmake
[2.239s] -- Up-to-date: /home/ubuntu/slam_ws/install/my_slam_package/share/my_slam_package/cmake/my_slam_packageConfig-version.cmake
[2.239s] -- Installing: /home/ubuntu/slam_ws/install/my_slam_package/share/my_slam_package/package.xml
[2.242s] Invoked command in '/home/ubuntu/slam_ws/build/my_slam_package' returned '0': AMENT_PREFIX_PATH=/home/ubuntu/slam_ws/install/rplidar_ros:${AMENT_PREFIX_PATH} CMAKE_PREFIX_PATH=/home/ubuntu/slam_ws/install/rplidar_ros:/opt/ros/jazzy/opt/gz_sim_vendor:/opt/ros/jazzy/opt/gz_sensors_vendor:/opt/ros/jazzy/opt/gz_physics_vendor:/opt/ros/jazzy/opt/sdformat_vendor:/opt/ros/jazzy/opt/gz_gui_vendor:/opt/ros/jazzy/opt/gz_transport_vendor:/opt/ros/jazzy/opt/gz_rendering_vendor:/opt/ros/jazzy/opt/gz_plugin_vendor:/opt/ros/jazzy/opt/gz_fuel_tools_vendor:/opt/ros/jazzy/opt/gz_msgs_vendor:/opt/ros/jazzy/opt/gz_common_vendor:/opt/ros/jazzy/opt/gz_math_vendor:/opt/ros/jazzy/opt/gz_utils_vendor:/opt/ros/jazzy/opt/gz_tools_vendor:/opt/ros/jazzy/opt/gz_ogre_next_vendor:/opt/ros/jazzy/opt/gz_dartsim_vendor:/opt/ros/jazzy/opt/gz_cmake_vendor:/opt/ros/jazzy DEBUGINFOD_URLS=https://debuginfod.ubuntu.com /usr/bin/cmake --install /home/ubuntu/slam_ws/build/my_slam_package
