[0.023s] Invoking command in '/home/ubuntu/slam_ws/build/my_slam_package': CMAKE_PREFIX_PATH=/home/ubuntu/slam_ws/install/rplidar_ros:/home/ubuntu/slam_ws/install/my_slam_package:/opt/ros/jazzy/opt/gz_sim_vendor:/opt/ros/jazzy/opt/gz_sensors_vendor:/opt/ros/jazzy/opt/gz_physics_vendor:/opt/ros/jazzy/opt/sdformat_vendor:/opt/ros/jazzy/opt/gz_gui_vendor:/opt/ros/jazzy/opt/gz_transport_vendor:/opt/ros/jazzy/opt/gz_rendering_vendor:/opt/ros/jazzy/opt/gz_plugin_vendor:/opt/ros/jazzy/opt/gz_fuel_tools_vendor:/opt/ros/jazzy/opt/gz_msgs_vendor:/opt/ros/jazzy/opt/gz_common_vendor:/opt/ros/jazzy/opt/gz_math_vendor:/opt/ros/jazzy/opt/gz_utils_vendor:/opt/ros/jazzy/opt/gz_tools_vendor:/opt/ros/jazzy/opt/gz_ogre_next_vendor:/opt/ros/jazzy/opt/gz_dartsim_vendor:/opt/ros/jazzy/opt/gz_cmake_vendor:/opt/ros/jazzy DEBUGINFOD_URLS=https://debuginfod.ubuntu.com /usr/bin/cmake --build /home/ubuntu/slam_ws/build/my_slam_package -- -j4 -l4
[0.118s] Invoked command in '/home/ubuntu/slam_ws/build/my_slam_package' returned '0': CMAKE_PREFIX_PATH=/home/ubuntu/slam_ws/install/rplidar_ros:/home/ubuntu/slam_ws/install/my_slam_package:/opt/ros/jazzy/opt/gz_sim_vendor:/opt/ros/jazzy/opt/gz_sensors_vendor:/opt/ros/jazzy/opt/gz_physics_vendor:/opt/ros/jazzy/opt/sdformat_vendor:/opt/ros/jazzy/opt/gz_gui_vendor:/opt/ros/jazzy/opt/gz_transport_vendor:/opt/ros/jazzy/opt/gz_rendering_vendor:/opt/ros/jazzy/opt/gz_plugin_vendor:/opt/ros/jazzy/opt/gz_fuel_tools_vendor:/opt/ros/jazzy/opt/gz_msgs_vendor:/opt/ros/jazzy/opt/gz_common_vendor:/opt/ros/jazzy/opt/gz_math_vendor:/opt/ros/jazzy/opt/gz_utils_vendor:/opt/ros/jazzy/opt/gz_tools_vendor:/opt/ros/jazzy/opt/gz_ogre_next_vendor:/opt/ros/jazzy/opt/gz_dartsim_vendor:/opt/ros/jazzy/opt/gz_cmake_vendor:/opt/ros/jazzy DEBUGINFOD_URLS=https://debuginfod.ubuntu.com /usr/bin/cmake --build /home/ubuntu/slam_ws/build/my_slam_package -- -j4 -l4
[0.121s] Invoking command in '/home/ubuntu/slam_ws/build/my_slam_package': CMAKE_PREFIX_PATH=/home/ubuntu/slam_ws/install/rplidar_ros:/home/ubuntu/slam_ws/install/my_slam_package:/opt/ros/jazzy/opt/gz_sim_vendor:/opt/ros/jazzy/opt/gz_sensors_vendor:/opt/ros/jazzy/opt/gz_physics_vendor:/opt/ros/jazzy/opt/sdformat_vendor:/opt/ros/jazzy/opt/gz_gui_vendor:/opt/ros/jazzy/opt/gz_transport_vendor:/opt/ros/jazzy/opt/gz_rendering_vendor:/opt/ros/jazzy/opt/gz_plugin_vendor:/opt/ros/jazzy/opt/gz_fuel_tools_vendor:/opt/ros/jazzy/opt/gz_msgs_vendor:/opt/ros/jazzy/opt/gz_common_vendor:/opt/ros/jazzy/opt/gz_math_vendor:/opt/ros/jazzy/opt/gz_utils_vendor:/opt/ros/jazzy/opt/gz_tools_vendor:/opt/ros/jazzy/opt/gz_ogre_next_vendor:/opt/ros/jazzy/opt/gz_dartsim_vendor:/opt/ros/jazzy/opt/gz_cmake_vendor:/opt/ros/jazzy DEBUGINFOD_URLS=https://debuginfod.ubuntu.com /usr/bin/cmake --install /home/ubuntu/slam_ws/build/my_slam_package
[0.138s] -- Install configuration: ""
[0.138s] -- Up-to-date: /home/ubuntu/slam_ws/install/my_slam_package/share/my_slam_package/config
[0.138s] -- Up-to-date: /home/ubuntu/slam_ws/install/my_slam_package/share/my_slam_package/config/slam_params.yaml
[0.138s] -- Up-to-date: /home/ubuntu/slam_ws/install/my_slam_package/share/my_slam_package/config/nav2_params
[0.138s] -- Up-to-date: /home/ubuntu/slam_ws/install/my_slam_package/share/my_slam_package/config/lidar.yaml
[0.138s] -- Up-to-date: /home/ubuntu/slam_ws/install/my_slam_package/share/my_slam_package/launch
[0.138s] -- Up-to-date: /home/ubuntu/slam_ws/install/my_slam_package/share/my_slam_package/launch/navigation.launch.py
[0.139s] -- Up-to-date: /home/ubuntu/slam_ws/install/my_slam_package/share/my_slam_package/launch/slam.launch.py
[0.139s] -- Up-to-date: /home/ubuntu/slam_ws/install/my_slam_package/share/my_slam_package/rviz
[0.139s] -- Up-to-date: /home/ubuntu/slam_ws/install/my_slam_package/share/my_slam_package/rviz/slam.rviz
[0.139s] -- Up-to-date: /home/ubuntu/slam_ws/install/my_slam_package/share/my_slam_package/maps
[0.139s] -- Up-to-date: /home/ubuntu/slam_ws/install/my_slam_package/share/my_slam_package/maps/map.yaml
[0.139s] -- Up-to-date: /home/ubuntu/slam_ws/install/my_slam_package/share/my_slam_package/maps/map.pgm
[0.139s] -- Up-to-date: /home/ubuntu/slam_ws/install/my_slam_package/share/my_slam_package/scripts
[0.139s] -- Up-to-date: /home/ubuntu/slam_ws/install/my_slam_package/share/my_slam_package/scripts/vel_to_serial.py
[0.139s] -- Up-to-date: /home/ubuntu/slam_ws/install/my_slam_package/share/my_slam_package/scripts/odom_publisher.py
[0.140s] -- Up-to-date: /home/ubuntu/slam_ws/install/my_slam_package/share/my_slam_package/scripts/waypoint_navigator.py
[0.140s] -- Up-to-date: /home/ubuntu/slam_ws/install/my_slam_package/share/my_slam_package/urdf
[0.140s] -- Up-to-date: /home/ubuntu/slam_ws/install/my_slam_package/share/my_slam_package/urdf/robot.urdf
[0.140s] -- Up-to-date: /home/ubuntu/slam_ws/install/my_slam_package/lib/my_slam_package/odom_publisher.py
[0.140s] -- Up-to-date: /home/ubuntu/slam_ws/install/my_slam_package/lib/my_slam_package/vel_to_serial.py
[0.140s] -- Up-to-date: /home/ubuntu/slam_ws/install/my_slam_package/lib/my_slam_package/waypoint_navigator.py
[0.141s] -- Up-to-date: /home/ubuntu/slam_ws/install/my_slam_package/share/ament_index/resource_index/package_run_dependencies/my_slam_package
[0.141s] -- Up-to-date: /home/ubuntu/slam_ws/install/my_slam_package/share/ament_index/resource_index/parent_prefix_path/my_slam_package
[0.141s] -- Up-to-date: /home/ubuntu/slam_ws/install/my_slam_package/share/my_slam_package/environment/ament_prefix_path.sh
[0.141s] -- Up-to-date: /home/ubuntu/slam_ws/install/my_slam_package/share/my_slam_package/environment/ament_prefix_path.dsv
[0.141s] -- Up-to-date: /home/ubuntu/slam_ws/install/my_slam_package/share/my_slam_package/environment/path.sh
[0.141s] -- Up-to-date: /home/ubuntu/slam_ws/install/my_slam_package/share/my_slam_package/environment/path.dsv
[0.142s] -- Up-to-date: /home/ubuntu/slam_ws/install/my_slam_package/share/my_slam_package/local_setup.bash
[0.142s] -- Up-to-date: /home/ubuntu/slam_ws/install/my_slam_package/share/my_slam_package/local_setup.sh
[0.142s] -- Up-to-date: /home/ubuntu/slam_ws/install/my_slam_package/share/my_slam_package/local_setup.zsh
[0.142s] -- Up-to-date: /home/ubuntu/slam_ws/install/my_slam_package/share/my_slam_package/local_setup.dsv
[0.142s] -- Installing: /home/ubuntu/slam_ws/install/my_slam_package/share/my_slam_package/package.dsv
[0.142s] -- Up-to-date: /home/ubuntu/slam_ws/install/my_slam_package/share/ament_index/resource_index/packages/my_slam_package
[0.142s] -- Up-to-date: /home/ubuntu/slam_ws/install/my_slam_package/share/my_slam_package/cmake/my_slam_packageConfig.cmake
[0.142s] -- Up-to-date: /home/ubuntu/slam_ws/install/my_slam_package/share/my_slam_package/cmake/my_slam_packageConfig-version.cmake
[0.142s] -- Up-to-date: /home/ubuntu/slam_ws/install/my_slam_package/share/my_slam_package/package.xml
[0.146s] Invoked command in '/home/ubuntu/slam_ws/build/my_slam_package' returned '0': CMAKE_PREFIX_PATH=/home/ubuntu/slam_ws/install/rplidar_ros:/home/ubuntu/slam_ws/install/my_slam_package:/opt/ros/jazzy/opt/gz_sim_vendor:/opt/ros/jazzy/opt/gz_sensors_vendor:/opt/ros/jazzy/opt/gz_physics_vendor:/opt/ros/jazzy/opt/sdformat_vendor:/opt/ros/jazzy/opt/gz_gui_vendor:/opt/ros/jazzy/opt/gz_transport_vendor:/opt/ros/jazzy/opt/gz_rendering_vendor:/opt/ros/jazzy/opt/gz_plugin_vendor:/opt/ros/jazzy/opt/gz_fuel_tools_vendor:/opt/ros/jazzy/opt/gz_msgs_vendor:/opt/ros/jazzy/opt/gz_common_vendor:/opt/ros/jazzy/opt/gz_math_vendor:/opt/ros/jazzy/opt/gz_utils_vendor:/opt/ros/jazzy/opt/gz_tools_vendor:/opt/ros/jazzy/opt/gz_ogre_next_vendor:/opt/ros/jazzy/opt/gz_dartsim_vendor:/opt/ros/jazzy/opt/gz_cmake_vendor:/opt/ros/jazzy DEBUGINFOD_URLS=https://debuginfod.ubuntu.com /usr/bin/cmake --install /home/ubuntu/slam_ws/build/my_slam_package
