-- The C compiler identification is GNU 13.3.0
-- The CXX compiler identification is GNU 13.3.0
-- Detecting C compiler ABI info
-- Detecting C compiler ABI info - done
-- Check for working C compiler: /usr/bin/cc - skipped
-- Detecting C compile features
-- Detecting C compile features - done
-- Detecting CXX compiler ABI info
-- Detecting CXX compiler ABI info - done
-- Check for working CXX compiler: /usr/bin/c++ - skipped
-- Detecting CXX compile features
-- Detecting CXX compile features - done
-- Found ament_cmake: 2.5.4 (/opt/ros/jazzy/share/ament_cmake/cmake)
-- Found Python3: /usr/bin/python3 (found version "3.12.3") found components: Interpreter 
-- Found rclcpp: 28.1.9 (/opt/ros/jazzy/share/rclcpp/cmake)
-- Found rosidl_generator_c: 4.6.5 (/opt/ros/jazzy/share/rosidl_generator_c/cmake)
-- Found rosidl_generator_cpp: 4.6.5 (/opt/ros/jazzy/share/rosidl_generator_cpp/cmake)
-- Using all available rosidl_typesupport_c: rosidl_typesupport_fastrtps_c;rosidl_typesupport_introspection_c
-- Using all available rosidl_typesupport_cpp: rosidl_typesupport_fastrtps_cpp;rosidl_typesupport_introspection_cpp
-- Found rmw_implementation_cmake: 7.3.2 (/opt/ros/jazzy/share/rmw_implementation_cmake/cmake)
-- Found rmw_fastrtps_cpp: 8.4.2 (/opt/ros/jazzy/share/rmw_fastrtps_cpp/cmake)
-- Found OpenSSL: /usr/lib/aarch64-linux-gnu/libcrypto.so (found version "3.0.13")  
-- Found FastRTPS: /opt/ros/jazzy/include (Required is at least version "2.13") 
-- Using RMW implementation 'rmw_fastrtps_cpp' as default
-- Found slam_toolbox: 2.8.3 (/opt/ros/jazzy/share/slam_toolbox/cmake)
-- Found eigen3_cmake_module: 0.3.0 (/opt/ros/jazzy/share/eigen3_cmake_module/cmake)
-- Found Eigen3: TRUE (found version "3.4.0") 
-- Ensuring Eigen3 include directory is part of orocos-kdl CMake target
-- Setting OGRE_DIR to: '/opt/ros/jazzy/share/rviz_ogre_vendor/cmake/../../../opt/rviz_ogre_vendor/lib/OGRE/cmake'
-- Found OGRE
--   static     : OFF
--   components : MeshLodGenerator;Overlay;Paging;Property;RTShaderSystem;Terrain;Volume
--   plugins    : Plugin_BSPSceneManager;Plugin_OctreeSceneManager;Plugin_PCZSceneManager;Plugin_ParticleFX;RenderSystem_GL;RenderSystem_GL3Plus;Codec_STBI
--   media      : /opt/ros/jazzy/opt/rviz_ogre_vendor/share/OGRE/Media
-- OGRE_LIBRARIES: OgreMeshLodGenerator;OgreOverlay;OgrePaging;OgreProperty;OgreRTShaderSystem;OgreTerrain;OgreVolume;OgreMain
-- OGRE_LIBRARY_DIRS: /opt/ros/jazzy/opt/rviz_ogre_vendor/lib
-- OGRE_PLUGINS: Plugin_BSPSceneManager;Plugin_OctreeSceneManager;Plugin_PCZSceneManager;Plugin_ParticleFX;RenderSystem_GL;RenderSystem_GL3Plus;Codec_STBI
-- OGRE_PLUGIN_DIR: /opt/ros/jazzy/opt/rviz_ogre_vendor/lib/OGRE
-- rviz_ogre_vendor::OgreOverlay for IMPORTED_LOCATION_RELEASE: /opt/ros/jazzy/opt/rviz_ogre_vendor/lib/libOgreOverlay.so
-- rviz_ogre_vendor::OgreOverlay for IMPORTED_LOCATION_DEBUG: /opt/ros/jazzy/opt/rviz_ogre_vendor/lib/libOgreOverlay.so
-- rviz_ogre_vendor::OgreMain for IMPORTED_LOCATION_RELEASE: /opt/ros/jazzy/opt/rviz_ogre_vendor/lib/libOgreMain.so
-- rviz_ogre_vendor::OgreMain for IMPORTED_LOCATION_DEBUG: /opt/ros/jazzy/opt/rviz_ogre_vendor/lib/libOgreMain.so
-- Found ZLIB: /usr/lib/aarch64-linux-gnu/libz.so (found version "1.3")  
-- Found OpenGL: /usr/lib/aarch64-linux-gnu/libOpenGL.so   
-- Found X11: /usr/include   
-- Looking for XOpenDisplay in /usr/lib/aarch64-linux-gnu/libX11.so;/usr/lib/aarch64-linux-gnu/libXext.so
-- Looking for XOpenDisplay in /usr/lib/aarch64-linux-gnu/libX11.so;/usr/lib/aarch64-linux-gnu/libXext.so - found
-- Looking for gethostbyname
-- Looking for gethostbyname - found
-- Looking for connect
-- Looking for connect - found
-- Looking for remove
-- Looking for remove - found
-- Looking for shmat
-- Looking for shmat - found
-- Looking for IceConnectionNumber in ICE
-- Looking for IceConnectionNumber in ICE - found
-- Setting yaml-cpp_DIR to: '/opt/ros/jazzy/share/yaml_cpp_vendor/cmake/../../../opt/yaml_cpp_vendor/share/cmake/yaml-cpp'
-- Found rviz2: 14.1.11 (/opt/ros/jazzy/share/rviz2/cmake)
-- Found rplidar_ros: 2.1.4 (/home/ubuntu/slam_ws/install/rplidar_ros/share/rplidar_ros/cmake)
[33mCMake Warning at /home/ubuntu/slam_ws/install/rplidar_ros/share/rplidar_ros/cmake/ament_cmake_export_include_directories-extras.cmake:11 (message):
  Package 'rplidar_ros' exports the include directory
  '/home/ubuntu/slam_ws/install/rplidar_ros/share/rplidar_ros/cmake/../../../include'
  which doesn't exist
Call Stack (most recent call first):
  /home/ubuntu/slam_ws/install/rplidar_ros/share/rplidar_ros/cmake/rplidar_rosConfig.cmake:41 (include)
  CMakeLists.txt:14 (find_package)

[0m
-- Configuring done (4.9s)
-- Generating done (0.0s)
-- Build files have been written to: /home/ubuntu/slam_ws/build/my_slam_package
-- Install configuration: ""
-- Installing: /home/ubuntu/slam_ws/install/my_slam_package/share/my_slam_package/config
-- Installing: /home/ubuntu/slam_ws/install/my_slam_package/share/my_slam_package/config/slam_params.yaml
-- Installing: /home/ubuntu/slam_ws/install/my_slam_package/share/my_slam_package/config/lidar.yaml
-- Installing: /home/ubuntu/slam_ws/install/my_slam_package/share/my_slam_package/launch
-- Installing: /home/ubuntu/slam_ws/install/my_slam_package/share/my_slam_package/launch/slam.launch.py
-- Installing: /home/ubuntu/slam_ws/install/my_slam_package/share/my_slam_package/rviz
-- Installing: /home/ubuntu/slam_ws/install/my_slam_package/share/my_slam_package/rviz/slam.rviz
-- Installing: /home/ubuntu/slam_ws/install/my_slam_package/share/ament_index/resource_index/package_run_dependencies/my_slam_package
-- Installing: /home/ubuntu/slam_ws/install/my_slam_package/share/ament_index/resource_index/parent_prefix_path/my_slam_package
-- Installing: /home/ubuntu/slam_ws/install/my_slam_package/share/my_slam_package/environment/ament_prefix_path.sh
-- Installing: /home/ubuntu/slam_ws/install/my_slam_package/share/my_slam_package/environment/ament_prefix_path.dsv
-- Installing: /home/ubuntu/slam_ws/install/my_slam_package/share/my_slam_package/environment/path.sh
-- Installing: /home/ubuntu/slam_ws/install/my_slam_package/share/my_slam_package/environment/path.dsv
-- Installing: /home/ubuntu/slam_ws/install/my_slam_package/share/my_slam_package/local_setup.bash
-- Installing: /home/ubuntu/slam_ws/install/my_slam_package/share/my_slam_package/local_setup.sh
-- Installing: /home/ubuntu/slam_ws/install/my_slam_package/share/my_slam_package/local_setup.zsh
-- Installing: /home/ubuntu/slam_ws/install/my_slam_package/share/my_slam_package/local_setup.dsv
-- Installing: /home/ubuntu/slam_ws/install/my_slam_package/share/my_slam_package/package.dsv
-- Installing: /home/ubuntu/slam_ws/install/my_slam_package/share/ament_index/resource_index/packages/my_slam_package
-- Installing: /home/ubuntu/slam_ws/install/my_slam_package/share/my_slam_package/cmake/my_slam_packageConfig.cmake
-- Installing: /home/ubuntu/slam_ws/install/my_slam_package/share/my_slam_package/cmake/my_slam_packageConfig-version.cmake
-- Installing: /home/ubuntu/slam_ws/install/my_slam_package/share/my_slam_package/package.xml
