[0.002s] Invoking command in '/home/ubuntu/slam_ws/build/my_slam_package': AMENT_PREFIX_PATH=/home/ubuntu/slam_ws/install/rplidar_ros:${AMENT_PREFIX_PATH} CMAKE_PREFIX_PATH=/home/ubuntu/slam_ws/install/rplidar_ros:/opt/ros/jazzy/opt/gz_sim_vendor:/opt/ros/jazzy/opt/gz_sensors_vendor:/opt/ros/jazzy/opt/gz_physics_vendor:/opt/ros/jazzy/opt/sdformat_vendor:/opt/ros/jazzy/opt/gz_gui_vendor:/opt/ros/jazzy/opt/gz_transport_vendor:/opt/ros/jazzy/opt/gz_rendering_vendor:/opt/ros/jazzy/opt/gz_plugin_vendor:/opt/ros/jazzy/opt/gz_fuel_tools_vendor:/opt/ros/jazzy/opt/gz_msgs_vendor:/opt/ros/jazzy/opt/gz_common_vendor:/opt/ros/jazzy/opt/gz_math_vendor:/opt/ros/jazzy/opt/gz_utils_vendor:/opt/ros/jazzy/opt/gz_tools_vendor:/opt/ros/jazzy/opt/gz_ogre_next_vendor:/opt/ros/jazzy/opt/gz_dartsim_vendor:/opt/ros/jazzy/opt/gz_cmake_vendor:/opt/ros/jazzy DEBUGINFOD_URLS=https://debuginfod.ubuntu.com /usr/bin/cmake /home/ubuntu/slam_ws/src/my_slam_package -DCMAKE_INSTALL_PREFIX=/home/ubuntu/slam_ws/install/my_slam_package
[0.130s] -- The C compiler identification is GNU 13.3.0
[0.255s] -- The CXX compiler identification is GNU 13.3.0
[0.289s] -- Detecting C compiler ABI info
[0.496s] -- Detecting C compiler ABI info - done
[0.518s] -- Check for working C compiler: /usr/bin/cc - skipped
[0.518s] -- Detecting C compile features
[0.519s] -- Detecting C compile features - done
[0.541s] -- Detecting CXX compiler ABI info
[0.764s] -- Detecting CXX compiler ABI info - done
[0.781s] -- Check for working CXX compiler: /usr/bin/c++ - skipped
[0.782s] -- Detecting CXX compile features
[0.783s] -- Detecting CXX compile features - done
[0.790s] -- Found ament_cmake: 2.5.4 (/opt/ros/jazzy/share/ament_cmake/cmake)
[1.086s] -- Found Python3: /usr/bin/python3 (found version "3.12.3") found components: Interpreter 
[1.327s] -- Found rclcpp: 28.1.9 (/opt/ros/jazzy/share/rclcpp/cmake)
[1.416s] -- Found rosidl_generator_c: 4.6.5 (/opt/ros/jazzy/share/rosidl_generator_c/cmake)
[1.447s] -- Found rosidl_generator_cpp: 4.6.5 (/opt/ros/jazzy/share/rosidl_generator_cpp/cmake)
[1.481s] -- Using all available rosidl_typesupport_c: rosidl_typesupport_fastrtps_c;rosidl_typesupport_introspection_c
[1.521s] -- Using all available rosidl_typesupport_cpp: rosidl_typesupport_fastrtps_cpp;rosidl_typesupport_introspection_cpp
[1.693s] -- Found rmw_implementation_cmake: 7.3.2 (/opt/ros/jazzy/share/rmw_implementation_cmake/cmake)
[1.705s] -- Found rmw_fastrtps_cpp: 8.4.2 (/opt/ros/jazzy/share/rmw_fastrtps_cpp/cmake)
[1.898s] -- Found OpenSSL: /usr/lib/aarch64-linux-gnu/libcrypto.so (found version "3.0.13")  
[1.939s] -- Found FastRTPS: /opt/ros/jazzy/include (Required is at least version "2.13") 
[1.982s] -- Using RMW implementation 'rmw_fastrtps_cpp' as default
[2.133s] -- Found slam_toolbox: 2.8.3 (/opt/ros/jazzy/share/slam_toolbox/cmake)
[2.742s] -- Found eigen3_cmake_module: 0.3.0 (/opt/ros/jazzy/share/eigen3_cmake_module/cmake)
[2.744s] -- Found Eigen3: TRUE (found version "3.4.0") 
[2.744s] -- Ensuring Eigen3 include directory is part of orocos-kdl CMake target
[2.952s] -- Setting OGRE_DIR to: '/opt/ros/jazzy/share/rviz_ogre_vendor/cmake/../../../opt/rviz_ogre_vendor/lib/OGRE/cmake'
[2.954s] -- Found OGRE
[2.954s] --   static     : OFF
[2.954s] --   components : MeshLodGenerator;Overlay;Paging;Property;RTShaderSystem;Terrain;Volume
[2.954s] --   plugins    : Plugin_BSPSceneManager;Plugin_OctreeSceneManager;Plugin_PCZSceneManager;Plugin_ParticleFX;RenderSystem_GL;RenderSystem_GL3Plus;Codec_STBI
[2.954s] --   media      : /opt/ros/jazzy/opt/rviz_ogre_vendor/share/OGRE/Media
[2.954s] -- OGRE_LIBRARIES: OgreMeshLodGenerator;OgreOverlay;OgrePaging;OgreProperty;OgreRTShaderSystem;OgreTerrain;OgreVolume;OgreMain
[2.954s] -- OGRE_LIBRARY_DIRS: /opt/ros/jazzy/opt/rviz_ogre_vendor/lib
[2.955s] -- OGRE_PLUGINS: Plugin_BSPSceneManager;Plugin_OctreeSceneManager;Plugin_PCZSceneManager;Plugin_ParticleFX;RenderSystem_GL;RenderSystem_GL3Plus;Codec_STBI
[2.955s] -- OGRE_PLUGIN_DIR: /opt/ros/jazzy/opt/rviz_ogre_vendor/lib/OGRE
[2.955s] -- rviz_ogre_vendor::OgreOverlay for IMPORTED_LOCATION_RELEASE: /opt/ros/jazzy/opt/rviz_ogre_vendor/lib/libOgreOverlay.so
[2.955s] -- rviz_ogre_vendor::OgreOverlay for IMPORTED_LOCATION_DEBUG: /opt/ros/jazzy/opt/rviz_ogre_vendor/lib/libOgreOverlay.so
[2.955s] -- rviz_ogre_vendor::OgreMain for IMPORTED_LOCATION_RELEASE: /opt/ros/jazzy/opt/rviz_ogre_vendor/lib/libOgreMain.so
[2.955s] -- rviz_ogre_vendor::OgreMain for IMPORTED_LOCATION_DEBUG: /opt/ros/jazzy/opt/rviz_ogre_vendor/lib/libOgreMain.so
[3.009s] -- Found ZLIB: /usr/lib/aarch64-linux-gnu/libz.so (found version "1.3")  
[3.033s] -- Found OpenGL: /usr/lib/aarch64-linux-gnu/libOpenGL.so   
[3.346s] -- Found X11: /usr/include   
[3.346s] -- Looking for XOpenDisplay in /usr/lib/aarch64-linux-gnu/libX11.so;/usr/lib/aarch64-linux-gnu/libXext.so
[3.554s] -- Looking for XOpenDisplay in /usr/lib/aarch64-linux-gnu/libX11.so;/usr/lib/aarch64-linux-gnu/libXext.so - found
[3.554s] -- Looking for gethostbyname
[3.749s] -- Looking for gethostbyname - found
[3.749s] -- Looking for connect
[3.953s] -- Looking for connect - found
[3.953s] -- Looking for remove
[4.142s] -- Looking for remove - found
[4.142s] -- Looking for shmat
[4.331s] -- Looking for shmat - found
[4.332s] -- Looking for IceConnectionNumber in ICE
[4.531s] -- Looking for IceConnectionNumber in ICE - found
[4.562s] -- Setting yaml-cpp_DIR to: '/opt/ros/jazzy/share/yaml_cpp_vendor/cmake/../../../opt/yaml_cpp_vendor/share/cmake/yaml-cpp'
[4.764s] -- Found rviz2: 14.1.11 (/opt/ros/jazzy/share/rviz2/cmake)
[4.765s] -- Found rplidar_ros: 2.1.4 (/home/ubuntu/slam_ws/install/rplidar_ros/share/rplidar_ros/cmake)
[4.770s] [33mCMake Warning at /home/ubuntu/slam_ws/install/rplidar_ros/share/rplidar_ros/cmake/ament_cmake_export_include_directories-extras.cmake:11 (message):
[4.770s]   Package 'rplidar_ros' exports the include directory
[4.770s]   '/home/ubuntu/slam_ws/install/rplidar_ros/share/rplidar_ros/cmake/../../../include'
[4.770s]   which doesn't exist
[4.770s] Call Stack (most recent call first):
[4.770s]   /home/ubuntu/slam_ws/install/rplidar_ros/share/rplidar_ros/cmake/rplidar_rosConfig.cmake:41 (include)
[4.770s]   CMakeLists.txt:14 (find_package)
[4.770s] 
[4.770s] [0m
[4.954s] -- Configuring done (4.9s)
[4.966s] -- Generating done (0.0s)
[4.971s] -- Build files have been written to: /home/ubuntu/slam_ws/build/my_slam_package
[4.998s] Invoked command in '/home/ubuntu/slam_ws/build/my_slam_package' returned '0': AMENT_PREFIX_PATH=/home/ubuntu/slam_ws/install/rplidar_ros:${AMENT_PREFIX_PATH} CMAKE_PREFIX_PATH=/home/ubuntu/slam_ws/install/rplidar_ros:/opt/ros/jazzy/opt/gz_sim_vendor:/opt/ros/jazzy/opt/gz_sensors_vendor:/opt/ros/jazzy/opt/gz_physics_vendor:/opt/ros/jazzy/opt/sdformat_vendor:/opt/ros/jazzy/opt/gz_gui_vendor:/opt/ros/jazzy/opt/gz_transport_vendor:/opt/ros/jazzy/opt/gz_rendering_vendor:/opt/ros/jazzy/opt/gz_plugin_vendor:/opt/ros/jazzy/opt/gz_fuel_tools_vendor:/opt/ros/jazzy/opt/gz_msgs_vendor:/opt/ros/jazzy/opt/gz_common_vendor:/opt/ros/jazzy/opt/gz_math_vendor:/opt/ros/jazzy/opt/gz_utils_vendor:/opt/ros/jazzy/opt/gz_tools_vendor:/opt/ros/jazzy/opt/gz_ogre_next_vendor:/opt/ros/jazzy/opt/gz_dartsim_vendor:/opt/ros/jazzy/opt/gz_cmake_vendor:/opt/ros/jazzy DEBUGINFOD_URLS=https://debuginfod.ubuntu.com /usr/bin/cmake /home/ubuntu/slam_ws/src/my_slam_package -DCMAKE_INSTALL_PREFIX=/home/ubuntu/slam_ws/install/my_slam_package
[5.001s] Invoking command in '/home/ubuntu/slam_ws/build/my_slam_package': AMENT_PREFIX_PATH=/home/ubuntu/slam_ws/install/rplidar_ros:${AMENT_PREFIX_PATH} CMAKE_PREFIX_PATH=/home/ubuntu/slam_ws/install/rplidar_ros:/opt/ros/jazzy/opt/gz_sim_vendor:/opt/ros/jazzy/opt/gz_sensors_vendor:/opt/ros/jazzy/opt/gz_physics_vendor:/opt/ros/jazzy/opt/sdformat_vendor:/opt/ros/jazzy/opt/gz_gui_vendor:/opt/ros/jazzy/opt/gz_transport_vendor:/opt/ros/jazzy/opt/gz_rendering_vendor:/opt/ros/jazzy/opt/gz_plugin_vendor:/opt/ros/jazzy/opt/gz_fuel_tools_vendor:/opt/ros/jazzy/opt/gz_msgs_vendor:/opt/ros/jazzy/opt/gz_common_vendor:/opt/ros/jazzy/opt/gz_math_vendor:/opt/ros/jazzy/opt/gz_utils_vendor:/opt/ros/jazzy/opt/gz_tools_vendor:/opt/ros/jazzy/opt/gz_ogre_next_vendor:/opt/ros/jazzy/opt/gz_dartsim_vendor:/opt/ros/jazzy/opt/gz_cmake_vendor:/opt/ros/jazzy DEBUGINFOD_URLS=https://debuginfod.ubuntu.com /usr/bin/cmake --build /home/ubuntu/slam_ws/build/my_slam_package -- -j4 -l4
[5.101s] Invoked command in '/home/ubuntu/slam_ws/build/my_slam_package' returned '0': AMENT_PREFIX_PATH=/home/ubuntu/slam_ws/install/rplidar_ros:${AMENT_PREFIX_PATH} CMAKE_PREFIX_PATH=/home/ubuntu/slam_ws/install/rplidar_ros:/opt/ros/jazzy/opt/gz_sim_vendor:/opt/ros/jazzy/opt/gz_sensors_vendor:/opt/ros/jazzy/opt/gz_physics_vendor:/opt/ros/jazzy/opt/sdformat_vendor:/opt/ros/jazzy/opt/gz_gui_vendor:/opt/ros/jazzy/opt/gz_transport_vendor:/opt/ros/jazzy/opt/gz_rendering_vendor:/opt/ros/jazzy/opt/gz_plugin_vendor:/opt/ros/jazzy/opt/gz_fuel_tools_vendor:/opt/ros/jazzy/opt/gz_msgs_vendor:/opt/ros/jazzy/opt/gz_common_vendor:/opt/ros/jazzy/opt/gz_math_vendor:/opt/ros/jazzy/opt/gz_utils_vendor:/opt/ros/jazzy/opt/gz_tools_vendor:/opt/ros/jazzy/opt/gz_ogre_next_vendor:/opt/ros/jazzy/opt/gz_dartsim_vendor:/opt/ros/jazzy/opt/gz_cmake_vendor:/opt/ros/jazzy DEBUGINFOD_URLS=https://debuginfod.ubuntu.com /usr/bin/cmake --build /home/ubuntu/slam_ws/build/my_slam_package -- -j4 -l4
[5.104s] Invoking command in '/home/ubuntu/slam_ws/build/my_slam_package': AMENT_PREFIX_PATH=/home/ubuntu/slam_ws/install/rplidar_ros:${AMENT_PREFIX_PATH} CMAKE_PREFIX_PATH=/home/ubuntu/slam_ws/install/rplidar_ros:/opt/ros/jazzy/opt/gz_sim_vendor:/opt/ros/jazzy/opt/gz_sensors_vendor:/opt/ros/jazzy/opt/gz_physics_vendor:/opt/ros/jazzy/opt/sdformat_vendor:/opt/ros/jazzy/opt/gz_gui_vendor:/opt/ros/jazzy/opt/gz_transport_vendor:/opt/ros/jazzy/opt/gz_rendering_vendor:/opt/ros/jazzy/opt/gz_plugin_vendor:/opt/ros/jazzy/opt/gz_fuel_tools_vendor:/opt/ros/jazzy/opt/gz_msgs_vendor:/opt/ros/jazzy/opt/gz_common_vendor:/opt/ros/jazzy/opt/gz_math_vendor:/opt/ros/jazzy/opt/gz_utils_vendor:/opt/ros/jazzy/opt/gz_tools_vendor:/opt/ros/jazzy/opt/gz_ogre_next_vendor:/opt/ros/jazzy/opt/gz_dartsim_vendor:/opt/ros/jazzy/opt/gz_cmake_vendor:/opt/ros/jazzy DEBUGINFOD_URLS=https://debuginfod.ubuntu.com /usr/bin/cmake --install /home/ubuntu/slam_ws/build/my_slam_package
[5.126s] -- Install configuration: ""
[5.126s] -- Installing: /home/ubuntu/slam_ws/install/my_slam_package/share/my_slam_package/config
[5.126s] -- Installing: /home/ubuntu/slam_ws/install/my_slam_package/share/my_slam_package/config/slam_params.yaml
[5.126s] -- Installing: /home/ubuntu/slam_ws/install/my_slam_package/share/my_slam_package/config/lidar.yaml
[5.127s] -- Installing: /home/ubuntu/slam_ws/install/my_slam_package/share/my_slam_package/launch
[5.127s] -- Installing: /home/ubuntu/slam_ws/install/my_slam_package/share/my_slam_package/launch/slam.launch.py
[5.127s] -- Installing: /home/ubuntu/slam_ws/install/my_slam_package/share/my_slam_package/rviz
[5.127s] -- Installing: /home/ubuntu/slam_ws/install/my_slam_package/share/my_slam_package/rviz/slam.rviz
[5.128s] -- Installing: /home/ubuntu/slam_ws/install/my_slam_package/share/ament_index/resource_index/package_run_dependencies/my_slam_package
[5.128s] -- Installing: /home/ubuntu/slam_ws/install/my_slam_package/share/ament_index/resource_index/parent_prefix_path/my_slam_package
[5.128s] -- Installing: /home/ubuntu/slam_ws/install/my_slam_package/share/my_slam_package/environment/ament_prefix_path.sh
[5.129s] -- Installing: /home/ubuntu/slam_ws/install/my_slam_package/share/my_slam_package/environment/ament_prefix_path.dsv
[5.129s] -- Installing: /home/ubuntu/slam_ws/install/my_slam_package/share/my_slam_package/environment/path.sh
[5.129s] -- Installing: /home/ubuntu/slam_ws/install/my_slam_package/share/my_slam_package/environment/path.dsv
[5.129s] -- Installing: /home/ubuntu/slam_ws/install/my_slam_package/share/my_slam_package/local_setup.bash
[5.129s] -- Installing: /home/ubuntu/slam_ws/install/my_slam_package/share/my_slam_package/local_setup.sh
[5.130s] -- Installing: /home/ubuntu/slam_ws/install/my_slam_package/share/my_slam_package/local_setup.zsh
[5.130s] -- Installing: /home/ubuntu/slam_ws/install/my_slam_package/share/my_slam_package/local_setup.dsv
[5.130s] -- Installing: /home/ubuntu/slam_ws/install/my_slam_package/share/my_slam_package/package.dsv
[5.131s] -- Installing: /home/ubuntu/slam_ws/install/my_slam_package/share/ament_index/resource_index/packages/my_slam_package
[5.131s] -- Installing: /home/ubuntu/slam_ws/install/my_slam_package/share/my_slam_package/cmake/my_slam_packageConfig.cmake
[5.131s] -- Installing: /home/ubuntu/slam_ws/install/my_slam_package/share/my_slam_package/cmake/my_slam_packageConfig-version.cmake
[5.131s] -- Installing: /home/ubuntu/slam_ws/install/my_slam_package/share/my_slam_package/package.xml
[5.137s] Invoked command in '/home/ubuntu/slam_ws/build/my_slam_package' returned '0': AMENT_PREFIX_PATH=/home/ubuntu/slam_ws/install/rplidar_ros:${AMENT_PREFIX_PATH} CMAKE_PREFIX_PATH=/home/ubuntu/slam_ws/install/rplidar_ros:/opt/ros/jazzy/opt/gz_sim_vendor:/opt/ros/jazzy/opt/gz_sensors_vendor:/opt/ros/jazzy/opt/gz_physics_vendor:/opt/ros/jazzy/opt/sdformat_vendor:/opt/ros/jazzy/opt/gz_gui_vendor:/opt/ros/jazzy/opt/gz_transport_vendor:/opt/ros/jazzy/opt/gz_rendering_vendor:/opt/ros/jazzy/opt/gz_plugin_vendor:/opt/ros/jazzy/opt/gz_fuel_tools_vendor:/opt/ros/jazzy/opt/gz_msgs_vendor:/opt/ros/jazzy/opt/gz_common_vendor:/opt/ros/jazzy/opt/gz_math_vendor:/opt/ros/jazzy/opt/gz_utils_vendor:/opt/ros/jazzy/opt/gz_tools_vendor:/opt/ros/jazzy/opt/gz_ogre_next_vendor:/opt/ros/jazzy/opt/gz_dartsim_vendor:/opt/ros/jazzy/opt/gz_cmake_vendor:/opt/ros/jazzy DEBUGINFOD_URLS=https://debuginfod.ubuntu.com /usr/bin/cmake --install /home/ubuntu/slam_ws/build/my_slam_package
