[0.151s] DEBUG:colcon:Command line arguments: ['/usr/bin/colcon', 'build']
[0.151s] DEBUG:colcon:Parsed command line arguments: Namespace(log_base=None, log_level=None, verb_name='build', build_base='build', install_base='install', merge_install=False, symlink_install=False, test_result_base=None, continue_on_error=False, executor='parallel', parallel_workers=4, event_handlers=None, ignore_user_meta=False, metas=['./colcon.meta'], base_paths=['.'], packages_ignore=None, packages_ignore_regex=None, paths=None, packages_up_to=None, packages_up_to_regex=None, packages_above=None, packages_above_and_dependencies=None, packages_above_depth=None, packages_select_by_dep=None, packages_skip_by_dep=None, packages_skip_up_to=None, packages_select_build_failed=False, packages_skip_build_finished=False, packages_select_test_failures=False, packages_skip_test_passed=False, packages_select=None, packages_skip=None, packages_select_regex=None, packages_skip_regex=None, packages_start=None, packages_end=None, allow_overriding=[], cmake_args=None, cmake_target=None, cmake_target_skip_unavailable=False, cmake_clean_cache=False, cmake_clean_first=False, cmake_force_configure=False, ament_cmake_args=None, catkin_cmake_args=None, catkin_skip_building_tests=False, mixin_files=None, mixin=None, verb_parser=<colcon_mixin.mixin.mixin_argument.MixinArgumentDecorator object at 0xffff96b39b80>, verb_extension=<colcon_core.verb.build.BuildVerb object at 0xffff96d1de80>, main=<bound method BuildVerb.main of <colcon_core.verb.build.BuildVerb object at 0xffff96d1de80>>, mixin_verb=('build',))
[0.207s] Level 1:colcon.colcon_core.package_discovery:discover_packages(colcon_meta) check parameters
[0.207s] Level 1:colcon.colcon_core.package_discovery:discover_packages(recursive) check parameters
[0.208s] Level 1:colcon.colcon_core.package_discovery:discover_packages(ignore) check parameters
[0.208s] Level 1:colcon.colcon_core.package_discovery:discover_packages(path) check parameters
[0.208s] Level 1:colcon.colcon_core.package_discovery:discover_packages(colcon_meta) discover
[0.208s] Level 1:colcon.colcon_core.package_discovery:discover_packages(recursive) discover
[0.208s] INFO:colcon.colcon_core.package_discovery:Crawling recursively for packages in '/home/ubuntu/slam_ws'
[0.208s] Level 1:colcon.colcon_core.package_identification:_identify(.) by extensions ['ignore', 'ignore_ament_install']
[0.208s] Level 1:colcon.colcon_core.package_identification:_identify(.) by extension 'ignore'
[0.208s] Level 1:colcon.colcon_core.package_identification:_identify(.) by extension 'ignore_ament_install'
[0.208s] Level 1:colcon.colcon_core.package_identification:_identify(.) by extensions ['colcon_pkg']
[0.208s] Level 1:colcon.colcon_core.package_identification:_identify(.) by extension 'colcon_pkg'
[0.208s] Level 1:colcon.colcon_core.package_identification:_identify(.) by extensions ['colcon_meta']
[0.208s] Level 1:colcon.colcon_core.package_identification:_identify(.) by extension 'colcon_meta'
[0.208s] Level 1:colcon.colcon_core.package_identification:_identify(.) by extensions ['ros']
[0.208s] Level 1:colcon.colcon_core.package_identification:_identify(.) by extension 'ros'
[0.247s] Level 1:colcon.colcon_core.package_identification:_identify(.) by extensions ['cmake', 'python']
[0.247s] Level 1:colcon.colcon_core.package_identification:_identify(.) by extension 'cmake'
[0.247s] Level 1:colcon.colcon_core.package_identification:_identify(.) by extension 'python'
[0.247s] Level 1:colcon.colcon_core.package_identification:_identify(.) by extensions ['python_setup_py']
[0.247s] Level 1:colcon.colcon_core.package_identification:_identify(.) by extension 'python_setup_py'
[0.247s] Level 1:colcon.colcon_core.package_identification:_identify(build) by extensions ['ignore', 'ignore_ament_install']
[0.247s] Level 1:colcon.colcon_core.package_identification:_identify(build) by extension 'ignore'
[0.247s] Level 1:colcon.colcon_core.package_identification:_identify(build) ignored
[0.247s] Level 1:colcon.colcon_core.package_identification:_identify(install) by extensions ['ignore', 'ignore_ament_install']
[0.247s] Level 1:colcon.colcon_core.package_identification:_identify(install) by extension 'ignore'
[0.247s] Level 1:colcon.colcon_core.package_identification:_identify(install) ignored
[0.248s] Level 1:colcon.colcon_core.package_identification:_identify(log) by extensions ['ignore', 'ignore_ament_install']
[0.248s] Level 1:colcon.colcon_core.package_identification:_identify(log) by extension 'ignore'
[0.248s] Level 1:colcon.colcon_core.package_identification:_identify(log) ignored
[0.248s] Level 1:colcon.colcon_core.package_identification:_identify(src) by extensions ['ignore', 'ignore_ament_install']
[0.248s] Level 1:colcon.colcon_core.package_identification:_identify(src) by extension 'ignore'
[0.248s] Level 1:colcon.colcon_core.package_identification:_identify(src) by extension 'ignore_ament_install'
[0.248s] Level 1:colcon.colcon_core.package_identification:_identify(src) by extensions ['colcon_pkg']
[0.248s] Level 1:colcon.colcon_core.package_identification:_identify(src) by extension 'colcon_pkg'
[0.248s] Level 1:colcon.colcon_core.package_identification:_identify(src) by extensions ['colcon_meta']
[0.248s] Level 1:colcon.colcon_core.package_identification:_identify(src) by extension 'colcon_meta'
[0.248s] Level 1:colcon.colcon_core.package_identification:_identify(src) by extensions ['ros']
[0.248s] Level 1:colcon.colcon_core.package_identification:_identify(src) by extension 'ros'
[0.248s] Level 1:colcon.colcon_core.package_identification:_identify(src) by extensions ['cmake', 'python']
[0.248s] Level 1:colcon.colcon_core.package_identification:_identify(src) by extension 'cmake'
[0.248s] Level 1:colcon.colcon_core.package_identification:_identify(src) by extension 'python'
[0.248s] Level 1:colcon.colcon_core.package_identification:_identify(src) by extensions ['python_setup_py']
[0.248s] Level 1:colcon.colcon_core.package_identification:_identify(src) by extension 'python_setup_py'
[0.249s] Level 1:colcon.colcon_core.package_identification:_identify(src/my_slam_package) by extensions ['ignore', 'ignore_ament_install']
[0.249s] Level 1:colcon.colcon_core.package_identification:_identify(src/my_slam_package) by extension 'ignore'
[0.249s] Level 1:colcon.colcon_core.package_identification:_identify(src/my_slam_package) by extension 'ignore_ament_install'
[0.249s] Level 1:colcon.colcon_core.package_identification:_identify(src/my_slam_package) by extensions ['colcon_pkg']
[0.249s] Level 1:colcon.colcon_core.package_identification:_identify(src/my_slam_package) by extension 'colcon_pkg'
[0.249s] Level 1:colcon.colcon_core.package_identification:_identify(src/my_slam_package) by extensions ['colcon_meta']
[0.249s] Level 1:colcon.colcon_core.package_identification:_identify(src/my_slam_package) by extension 'colcon_meta'
[0.249s] Level 1:colcon.colcon_core.package_identification:_identify(src/my_slam_package) by extensions ['ros']
[0.249s] Level 1:colcon.colcon_core.package_identification:_identify(src/my_slam_package) by extension 'ros'
[0.253s] DEBUG:colcon.colcon_core.package_identification:Package 'src/my_slam_package' with type 'ros.ament_cmake' and name 'my_slam_package'
[0.253s] Level 1:colcon.colcon_core.package_identification:_identify(src/rplidar_ros) by extensions ['ignore', 'ignore_ament_install']
[0.253s] Level 1:colcon.colcon_core.package_identification:_identify(src/rplidar_ros) by extension 'ignore'
[0.253s] Level 1:colcon.colcon_core.package_identification:_identify(src/rplidar_ros) by extension 'ignore_ament_install'
[0.253s] Level 1:colcon.colcon_core.package_identification:_identify(src/rplidar_ros) by extensions ['colcon_pkg']
[0.253s] Level 1:colcon.colcon_core.package_identification:_identify(src/rplidar_ros) by extension 'colcon_pkg'
[0.253s] Level 1:colcon.colcon_core.package_identification:_identify(src/rplidar_ros) by extensions ['colcon_meta']
[0.253s] Level 1:colcon.colcon_core.package_identification:_identify(src/rplidar_ros) by extension 'colcon_meta'
[0.253s] Level 1:colcon.colcon_core.package_identification:_identify(src/rplidar_ros) by extensions ['ros']
[0.253s] Level 1:colcon.colcon_core.package_identification:_identify(src/rplidar_ros) by extension 'ros'
[0.254s] DEBUG:colcon.colcon_core.package_identification:Package 'src/rplidar_ros' with type 'ros.ament_cmake' and name 'rplidar_ros'
[0.254s] Level 1:colcon.colcon_core.package_discovery:discover_packages(recursive) using defaults
[0.254s] Level 1:colcon.colcon_core.package_discovery:discover_packages(ignore) discover
[0.254s] Level 1:colcon.colcon_core.package_discovery:discover_packages(ignore) using defaults
[0.254s] Level 1:colcon.colcon_core.package_discovery:discover_packages(path) discover
[0.254s] Level 1:colcon.colcon_core.package_discovery:discover_packages(path) using defaults
[0.278s] Level 1:colcon.colcon_core.package_discovery:discover_packages(prefix_path) check parameters
[0.278s] Level 1:colcon.colcon_core.package_discovery:discover_packages(prefix_path) discover
[0.280s] DEBUG:colcon.colcon_installed_package_information.package_discovery:Found 2 installed packages in /home/ubuntu/slam_ws/install
[0.283s] DEBUG:colcon.colcon_installed_package_information.package_discovery:Found 401 installed packages in /opt/ros/jazzy
[0.286s] Level 1:colcon.colcon_core.package_discovery:discover_packages(prefix_path) using defaults
[0.363s] Level 5:colcon.colcon_core.verb:set package 'rplidar_ros' build argument 'cmake_args' from command line to 'None'
[0.363s] Level 5:colcon.colcon_core.verb:set package 'rplidar_ros' build argument 'cmake_target' from command line to 'None'
[0.363s] Level 5:colcon.colcon_core.verb:set package 'rplidar_ros' build argument 'cmake_target_skip_unavailable' from command line to 'False'
[0.363s] Level 5:colcon.colcon_core.verb:set package 'rplidar_ros' build argument 'cmake_clean_cache' from command line to 'False'
[0.363s] Level 5:colcon.colcon_core.verb:set package 'rplidar_ros' build argument 'cmake_clean_first' from command line to 'False'
[0.364s] Level 5:colcon.colcon_core.verb:set package 'rplidar_ros' build argument 'cmake_force_configure' from command line to 'False'
[0.364s] Level 5:colcon.colcon_core.verb:set package 'rplidar_ros' build argument 'ament_cmake_args' from command line to 'None'
[0.364s] Level 5:colcon.colcon_core.verb:set package 'rplidar_ros' build argument 'catkin_cmake_args' from command line to 'None'
[0.364s] Level 5:colcon.colcon_core.verb:set package 'rplidar_ros' build argument 'catkin_skip_building_tests' from command line to 'False'
[0.364s] DEBUG:colcon.colcon_core.verb:Building package 'rplidar_ros' with the following arguments: {'ament_cmake_args': None, 'build_base': '/home/ubuntu/slam_ws/build/rplidar_ros', 'catkin_cmake_args': None, 'catkin_skip_building_tests': False, 'cmake_args': None, 'cmake_clean_cache': False, 'cmake_clean_first': False, 'cmake_force_configure': False, 'cmake_target': None, 'cmake_target_skip_unavailable': False, 'install_base': '/home/ubuntu/slam_ws/install/rplidar_ros', 'merge_install': False, 'path': '/home/ubuntu/slam_ws/src/rplidar_ros', 'symlink_install': False, 'test_result_base': None}
[0.364s] Level 5:colcon.colcon_core.verb:set package 'my_slam_package' build argument 'cmake_args' from command line to 'None'
[0.364s] Level 5:colcon.colcon_core.verb:set package 'my_slam_package' build argument 'cmake_target' from command line to 'None'
[0.364s] Level 5:colcon.colcon_core.verb:set package 'my_slam_package' build argument 'cmake_target_skip_unavailable' from command line to 'False'
[0.364s] Level 5:colcon.colcon_core.verb:set package 'my_slam_package' build argument 'cmake_clean_cache' from command line to 'False'
[0.364s] Level 5:colcon.colcon_core.verb:set package 'my_slam_package' build argument 'cmake_clean_first' from command line to 'False'
[0.364s] Level 5:colcon.colcon_core.verb:set package 'my_slam_package' build argument 'cmake_force_configure' from command line to 'False'
[0.364s] Level 5:colcon.colcon_core.verb:set package 'my_slam_package' build argument 'ament_cmake_args' from command line to 'None'
[0.364s] Level 5:colcon.colcon_core.verb:set package 'my_slam_package' build argument 'catkin_cmake_args' from command line to 'None'
[0.364s] Level 5:colcon.colcon_core.verb:set package 'my_slam_package' build argument 'catkin_skip_building_tests' from command line to 'False'
[0.364s] DEBUG:colcon.colcon_core.verb:Building package 'my_slam_package' with the following arguments: {'ament_cmake_args': None, 'build_base': '/home/ubuntu/slam_ws/build/my_slam_package', 'catkin_cmake_args': None, 'catkin_skip_building_tests': False, 'cmake_args': None, 'cmake_clean_cache': False, 'cmake_clean_first': False, 'cmake_force_configure': False, 'cmake_target': None, 'cmake_target_skip_unavailable': False, 'install_base': '/home/ubuntu/slam_ws/install/my_slam_package', 'merge_install': False, 'path': '/home/ubuntu/slam_ws/src/my_slam_package', 'symlink_install': False, 'test_result_base': None}
[0.364s] INFO:colcon.colcon_core.executor:Executing jobs using 'parallel' executor
[0.366s] DEBUG:colcon.colcon_parallel_executor.executor.parallel:run_until_complete
[0.366s] INFO:colcon.colcon_ros.task.ament_cmake.build:Building ROS package in '/home/ubuntu/slam_ws/src/rplidar_ros' with build type 'ament_cmake'
[0.367s] INFO:colcon.colcon_cmake.task.cmake.build:Building CMake package in '/home/ubuntu/slam_ws/src/rplidar_ros'
[0.372s] INFO:colcon.colcon_core.plugin_system:Skipping extension 'colcon_core.shell.bat': Not used on non-Windows systems
[0.373s] INFO:colcon.colcon_core.shell:Skip shell extension 'powershell' for command environment: Not usable outside of PowerShell
[0.374s] DEBUG:colcon.colcon_core.shell:Skip shell extension 'dsv' for command environment
[0.389s] DEBUG:colcon.colcon_core.event_handler.log_command:Invoking command in '/home/ubuntu/slam_ws/build/rplidar_ros': CMAKE_PREFIX_PATH=${CMAKE_PREFIX_PATH}:/opt/ros/jazzy DEBUGINFOD_URLS=https://debuginfod.ubuntu.com /usr/bin/cmake --build /home/ubuntu/slam_ws/build/rplidar_ros -- -j4 -l4
[0.555s] DEBUG:colcon.colcon_core.event_handler.log_command:Invoked command in '/home/ubuntu/slam_ws/build/rplidar_ros' returned '0': CMAKE_PREFIX_PATH=${CMAKE_PREFIX_PATH}:/opt/ros/jazzy DEBUGINFOD_URLS=https://debuginfod.ubuntu.com /usr/bin/cmake --build /home/ubuntu/slam_ws/build/rplidar_ros -- -j4 -l4
[0.582s] DEBUG:colcon.colcon_core.event_handler.log_command:Invoking command in '/home/ubuntu/slam_ws/build/rplidar_ros': CMAKE_PREFIX_PATH=${CMAKE_PREFIX_PATH}:/opt/ros/jazzy DEBUGINFOD_URLS=https://debuginfod.ubuntu.com /usr/bin/cmake --install /home/ubuntu/slam_ws/build/rplidar_ros
[0.605s] Level 1:colcon.colcon_core.environment:create_environment_scripts_only(rplidar_ros)
[0.605s] DEBUG:colcon.colcon_core.event_handler.log_command:Invoked command in '/home/ubuntu/slam_ws/build/rplidar_ros' returned '0': CMAKE_PREFIX_PATH=${CMAKE_PREFIX_PATH}:/opt/ros/jazzy DEBUGINFOD_URLS=https://debuginfod.ubuntu.com /usr/bin/cmake --install /home/ubuntu/slam_ws/build/rplidar_ros
[0.608s] Level 1:colcon.colcon_core.environment:checking '/home/ubuntu/slam_ws/install/rplidar_ros' for CMake module files
[0.609s] Level 1:colcon.colcon_core.environment:checking '/home/ubuntu/slam_ws/install/rplidar_ros' for CMake config files
[0.609s] Level 1:colcon.colcon_core.shell:create_environment_hook('rplidar_ros', 'cmake_prefix_path')
[0.609s] INFO:colcon.colcon_core.shell:Creating environment hook '/home/ubuntu/slam_ws/install/rplidar_ros/share/rplidar_ros/hook/cmake_prefix_path.ps1'
[0.610s] INFO:colcon.colcon_core.shell:Creating environment descriptor '/home/ubuntu/slam_ws/install/rplidar_ros/share/rplidar_ros/hook/cmake_prefix_path.dsv'
[0.611s] INFO:colcon.colcon_core.shell:Creating environment hook '/home/ubuntu/slam_ws/install/rplidar_ros/share/rplidar_ros/hook/cmake_prefix_path.sh'
[0.612s] Level 1:colcon.colcon_core.environment:checking '/home/ubuntu/slam_ws/install/rplidar_ros/lib'
[0.612s] Level 1:colcon.colcon_core.environment:checking '/home/ubuntu/slam_ws/install/rplidar_ros/bin'
[0.613s] Level 1:colcon.colcon_core.environment:checking '/home/ubuntu/slam_ws/install/rplidar_ros/lib/pkgconfig/rplidar_ros.pc'
[0.613s] Level 1:colcon.colcon_core.environment:checking '/home/ubuntu/slam_ws/install/rplidar_ros/lib/python3.12/site-packages'
[0.613s] Level 1:colcon.colcon_core.environment:checking '/home/ubuntu/slam_ws/install/rplidar_ros/bin'
[0.613s] INFO:colcon.colcon_core.shell:Creating package script '/home/ubuntu/slam_ws/install/rplidar_ros/share/rplidar_ros/package.ps1'
[0.614s] INFO:colcon.colcon_core.shell:Creating package descriptor '/home/ubuntu/slam_ws/install/rplidar_ros/share/rplidar_ros/package.dsv'
[0.615s] INFO:colcon.colcon_core.shell:Creating package script '/home/ubuntu/slam_ws/install/rplidar_ros/share/rplidar_ros/package.sh'
[0.616s] INFO:colcon.colcon_core.shell:Creating package script '/home/ubuntu/slam_ws/install/rplidar_ros/share/rplidar_ros/package.bash'
[0.617s] INFO:colcon.colcon_core.shell:Creating package script '/home/ubuntu/slam_ws/install/rplidar_ros/share/rplidar_ros/package.zsh'
[0.618s] Level 1:colcon.colcon_core.environment:create_file_with_runtime_dependencies(/home/ubuntu/slam_ws/install/rplidar_ros/share/colcon-core/packages/rplidar_ros)
[0.619s] Level 1:colcon.colcon_core.environment:create_environment_scripts_only(rplidar_ros)
[0.619s] Level 1:colcon.colcon_core.environment:checking '/home/ubuntu/slam_ws/install/rplidar_ros' for CMake module files
[0.620s] Level 1:colcon.colcon_core.environment:checking '/home/ubuntu/slam_ws/install/rplidar_ros' for CMake config files
[0.620s] Level 1:colcon.colcon_core.shell:create_environment_hook('rplidar_ros', 'cmake_prefix_path')
[0.621s] INFO:colcon.colcon_core.shell:Creating environment hook '/home/ubuntu/slam_ws/install/rplidar_ros/share/rplidar_ros/hook/cmake_prefix_path.ps1'
[0.621s] INFO:colcon.colcon_core.shell:Creating environment descriptor '/home/ubuntu/slam_ws/install/rplidar_ros/share/rplidar_ros/hook/cmake_prefix_path.dsv'
[0.622s] INFO:colcon.colcon_core.shell:Creating environment hook '/home/ubuntu/slam_ws/install/rplidar_ros/share/rplidar_ros/hook/cmake_prefix_path.sh'
[0.623s] Level 1:colcon.colcon_core.environment:checking '/home/ubuntu/slam_ws/install/rplidar_ros/lib'
[0.623s] Level 1:colcon.colcon_core.environment:checking '/home/ubuntu/slam_ws/install/rplidar_ros/bin'
[0.623s] Level 1:colcon.colcon_core.environment:checking '/home/ubuntu/slam_ws/install/rplidar_ros/lib/pkgconfig/rplidar_ros.pc'
[0.624s] Level 1:colcon.colcon_core.environment:checking '/home/ubuntu/slam_ws/install/rplidar_ros/lib/python3.12/site-packages'
[0.624s] Level 1:colcon.colcon_core.environment:checking '/home/ubuntu/slam_ws/install/rplidar_ros/bin'
[0.624s] INFO:colcon.colcon_core.shell:Creating package script '/home/ubuntu/slam_ws/install/rplidar_ros/share/rplidar_ros/package.ps1'
[0.625s] INFO:colcon.colcon_core.shell:Creating package descriptor '/home/ubuntu/slam_ws/install/rplidar_ros/share/rplidar_ros/package.dsv'
[0.626s] INFO:colcon.colcon_core.shell:Creating package script '/home/ubuntu/slam_ws/install/rplidar_ros/share/rplidar_ros/package.sh'
[0.627s] INFO:colcon.colcon_core.shell:Creating package script '/home/ubuntu/slam_ws/install/rplidar_ros/share/rplidar_ros/package.bash'
[0.628s] INFO:colcon.colcon_core.shell:Creating package script '/home/ubuntu/slam_ws/install/rplidar_ros/share/rplidar_ros/package.zsh'
[0.629s] Level 1:colcon.colcon_core.environment:create_file_with_runtime_dependencies(/home/ubuntu/slam_ws/install/rplidar_ros/share/colcon-core/packages/rplidar_ros)
[0.630s] INFO:colcon.colcon_ros.task.ament_cmake.build:Building ROS package in '/home/ubuntu/slam_ws/src/my_slam_package' with build type 'ament_cmake'
[0.630s] INFO:colcon.colcon_cmake.task.cmake.build:Building CMake package in '/home/ubuntu/slam_ws/src/my_slam_package'
[0.630s] INFO:colcon.colcon_core.shell:Skip shell extension 'powershell' for command environment: Not usable outside of PowerShell
[0.630s] DEBUG:colcon.colcon_core.shell:Skip shell extension 'dsv' for command environment
[0.656s] DEBUG:colcon.colcon_core.event_handler.log_command:Invoking command in '/home/ubuntu/slam_ws/build/my_slam_package': CMAKE_PREFIX_PATH=/home/ubuntu/slam_ws/install/rplidar_ros:/home/ubuntu/slam_ws/install/my_slam_package:/opt/ros/jazzy/opt/gz_sim_vendor:/opt/ros/jazzy/opt/gz_sensors_vendor:/opt/ros/jazzy/opt/gz_physics_vendor:/opt/ros/jazzy/opt/sdformat_vendor:/opt/ros/jazzy/opt/gz_gui_vendor:/opt/ros/jazzy/opt/gz_transport_vendor:/opt/ros/jazzy/opt/gz_rendering_vendor:/opt/ros/jazzy/opt/gz_plugin_vendor:/opt/ros/jazzy/opt/gz_fuel_tools_vendor:/opt/ros/jazzy/opt/gz_msgs_vendor:/opt/ros/jazzy/opt/gz_common_vendor:/opt/ros/jazzy/opt/gz_math_vendor:/opt/ros/jazzy/opt/gz_utils_vendor:/opt/ros/jazzy/opt/gz_tools_vendor:/opt/ros/jazzy/opt/gz_ogre_next_vendor:/opt/ros/jazzy/opt/gz_dartsim_vendor:/opt/ros/jazzy/opt/gz_cmake_vendor:/opt/ros/jazzy DEBUGINFOD_URLS=https://debuginfod.ubuntu.com /usr/bin/cmake --build /home/ubuntu/slam_ws/build/my_slam_package -- -j4 -l4
[0.753s] DEBUG:colcon.colcon_core.event_handler.log_command:Invoked command in '/home/ubuntu/slam_ws/build/my_slam_package' returned '0': CMAKE_PREFIX_PATH=/home/ubuntu/slam_ws/install/rplidar_ros:/home/ubuntu/slam_ws/install/my_slam_package:/opt/ros/jazzy/opt/gz_sim_vendor:/opt/ros/jazzy/opt/gz_sensors_vendor:/opt/ros/jazzy/opt/gz_physics_vendor:/opt/ros/jazzy/opt/sdformat_vendor:/opt/ros/jazzy/opt/gz_gui_vendor:/opt/ros/jazzy/opt/gz_transport_vendor:/opt/ros/jazzy/opt/gz_rendering_vendor:/opt/ros/jazzy/opt/gz_plugin_vendor:/opt/ros/jazzy/opt/gz_fuel_tools_vendor:/opt/ros/jazzy/opt/gz_msgs_vendor:/opt/ros/jazzy/opt/gz_common_vendor:/opt/ros/jazzy/opt/gz_math_vendor:/opt/ros/jazzy/opt/gz_utils_vendor:/opt/ros/jazzy/opt/gz_tools_vendor:/opt/ros/jazzy/opt/gz_ogre_next_vendor:/opt/ros/jazzy/opt/gz_dartsim_vendor:/opt/ros/jazzy/opt/gz_cmake_vendor:/opt/ros/jazzy DEBUGINFOD_URLS=https://debuginfod.ubuntu.com /usr/bin/cmake --build /home/ubuntu/slam_ws/build/my_slam_package -- -j4 -l4
[0.754s] DEBUG:colcon.colcon_core.event_handler.log_command:Invoking command in '/home/ubuntu/slam_ws/build/my_slam_package': CMAKE_PREFIX_PATH=/home/ubuntu/slam_ws/install/rplidar_ros:/home/ubuntu/slam_ws/install/my_slam_package:/opt/ros/jazzy/opt/gz_sim_vendor:/opt/ros/jazzy/opt/gz_sensors_vendor:/opt/ros/jazzy/opt/gz_physics_vendor:/opt/ros/jazzy/opt/sdformat_vendor:/opt/ros/jazzy/opt/gz_gui_vendor:/opt/ros/jazzy/opt/gz_transport_vendor:/opt/ros/jazzy/opt/gz_rendering_vendor:/opt/ros/jazzy/opt/gz_plugin_vendor:/opt/ros/jazzy/opt/gz_fuel_tools_vendor:/opt/ros/jazzy/opt/gz_msgs_vendor:/opt/ros/jazzy/opt/gz_common_vendor:/opt/ros/jazzy/opt/gz_math_vendor:/opt/ros/jazzy/opt/gz_utils_vendor:/opt/ros/jazzy/opt/gz_tools_vendor:/opt/ros/jazzy/opt/gz_ogre_next_vendor:/opt/ros/jazzy/opt/gz_dartsim_vendor:/opt/ros/jazzy/opt/gz_cmake_vendor:/opt/ros/jazzy DEBUGINFOD_URLS=https://debuginfod.ubuntu.com /usr/bin/cmake --install /home/ubuntu/slam_ws/build/my_slam_package
[0.776s] Level 1:colcon.colcon_core.environment:create_environment_scripts_only(my_slam_package)
[0.776s] Level 1:colcon.colcon_core.environment:checking '/home/ubuntu/slam_ws/install/my_slam_package' for CMake module files
[0.777s] DEBUG:colcon.colcon_core.event_handler.log_command:Invoked command in '/home/ubuntu/slam_ws/build/my_slam_package' returned '0': CMAKE_PREFIX_PATH=/home/ubuntu/slam_ws/install/rplidar_ros:/home/ubuntu/slam_ws/install/my_slam_package:/opt/ros/jazzy/opt/gz_sim_vendor:/opt/ros/jazzy/opt/gz_sensors_vendor:/opt/ros/jazzy/opt/gz_physics_vendor:/opt/ros/jazzy/opt/sdformat_vendor:/opt/ros/jazzy/opt/gz_gui_vendor:/opt/ros/jazzy/opt/gz_transport_vendor:/opt/ros/jazzy/opt/gz_rendering_vendor:/opt/ros/jazzy/opt/gz_plugin_vendor:/opt/ros/jazzy/opt/gz_fuel_tools_vendor:/opt/ros/jazzy/opt/gz_msgs_vendor:/opt/ros/jazzy/opt/gz_common_vendor:/opt/ros/jazzy/opt/gz_math_vendor:/opt/ros/jazzy/opt/gz_utils_vendor:/opt/ros/jazzy/opt/gz_tools_vendor:/opt/ros/jazzy/opt/gz_ogre_next_vendor:/opt/ros/jazzy/opt/gz_dartsim_vendor:/opt/ros/jazzy/opt/gz_cmake_vendor:/opt/ros/jazzy DEBUGINFOD_URLS=https://debuginfod.ubuntu.com /usr/bin/cmake --install /home/ubuntu/slam_ws/build/my_slam_package
[0.778s] Level 1:colcon.colcon_core.environment:checking '/home/ubuntu/slam_ws/install/my_slam_package' for CMake config files
[0.778s] Level 1:colcon.colcon_core.shell:create_environment_hook('my_slam_package', 'cmake_prefix_path')
[0.778s] INFO:colcon.colcon_core.shell:Creating environment hook '/home/ubuntu/slam_ws/install/my_slam_package/share/my_slam_package/hook/cmake_prefix_path.ps1'
[0.779s] INFO:colcon.colcon_core.shell:Creating environment descriptor '/home/ubuntu/slam_ws/install/my_slam_package/share/my_slam_package/hook/cmake_prefix_path.dsv'
[0.780s] INFO:colcon.colcon_core.shell:Creating environment hook '/home/ubuntu/slam_ws/install/my_slam_package/share/my_slam_package/hook/cmake_prefix_path.sh'
[0.781s] Level 1:colcon.colcon_core.environment:checking '/home/ubuntu/slam_ws/install/my_slam_package/lib'
[0.781s] Level 1:colcon.colcon_core.environment:checking '/home/ubuntu/slam_ws/install/my_slam_package/bin'
[0.781s] Level 1:colcon.colcon_core.environment:checking '/home/ubuntu/slam_ws/install/my_slam_package/lib/pkgconfig/my_slam_package.pc'
[0.782s] Level 1:colcon.colcon_core.environment:checking '/home/ubuntu/slam_ws/install/my_slam_package/lib/python3.12/site-packages'
[0.782s] Level 1:colcon.colcon_core.environment:checking '/home/ubuntu/slam_ws/install/my_slam_package/bin'
[0.782s] INFO:colcon.colcon_core.shell:Creating package script '/home/ubuntu/slam_ws/install/my_slam_package/share/my_slam_package/package.ps1'
[0.783s] INFO:colcon.colcon_core.shell:Creating package descriptor '/home/ubuntu/slam_ws/install/my_slam_package/share/my_slam_package/package.dsv'
[0.783s] INFO:colcon.colcon_core.shell:Creating package script '/home/ubuntu/slam_ws/install/my_slam_package/share/my_slam_package/package.sh'
[0.784s] INFO:colcon.colcon_core.shell:Creating package script '/home/ubuntu/slam_ws/install/my_slam_package/share/my_slam_package/package.bash'
[0.784s] INFO:colcon.colcon_core.shell:Creating package script '/home/ubuntu/slam_ws/install/my_slam_package/share/my_slam_package/package.zsh'
[0.784s] Level 1:colcon.colcon_core.environment:create_file_with_runtime_dependencies(/home/ubuntu/slam_ws/install/my_slam_package/share/colcon-core/packages/my_slam_package)
[0.785s] Level 1:colcon.colcon_core.environment:create_environment_scripts_only(my_slam_package)
[0.785s] Level 1:colcon.colcon_core.environment:checking '/home/ubuntu/slam_ws/install/my_slam_package' for CMake module files
[0.786s] Level 1:colcon.colcon_core.environment:checking '/home/ubuntu/slam_ws/install/my_slam_package' for CMake config files
[0.787s] Level 1:colcon.colcon_core.shell:create_environment_hook('my_slam_package', 'cmake_prefix_path')
[0.787s] INFO:colcon.colcon_core.shell:Creating environment hook '/home/ubuntu/slam_ws/install/my_slam_package/share/my_slam_package/hook/cmake_prefix_path.ps1'
[0.787s] INFO:colcon.colcon_core.shell:Creating environment descriptor '/home/ubuntu/slam_ws/install/my_slam_package/share/my_slam_package/hook/cmake_prefix_path.dsv'
[0.788s] INFO:colcon.colcon_core.shell:Creating environment hook '/home/ubuntu/slam_ws/install/my_slam_package/share/my_slam_package/hook/cmake_prefix_path.sh'
[0.788s] Level 1:colcon.colcon_core.environment:checking '/home/ubuntu/slam_ws/install/my_slam_package/lib'
[0.788s] Level 1:colcon.colcon_core.environment:checking '/home/ubuntu/slam_ws/install/my_slam_package/bin'
[0.789s] Level 1:colcon.colcon_core.environment:checking '/home/ubuntu/slam_ws/install/my_slam_package/lib/pkgconfig/my_slam_package.pc'
[0.789s] Level 1:colcon.colcon_core.environment:checking '/home/ubuntu/slam_ws/install/my_slam_package/lib/python3.12/site-packages'
[0.789s] Level 1:colcon.colcon_core.environment:checking '/home/ubuntu/slam_ws/install/my_slam_package/bin'
[0.789s] INFO:colcon.colcon_core.shell:Creating package script '/home/ubuntu/slam_ws/install/my_slam_package/share/my_slam_package/package.ps1'
[0.790s] INFO:colcon.colcon_core.shell:Creating package descriptor '/home/ubuntu/slam_ws/install/my_slam_package/share/my_slam_package/package.dsv'
[0.790s] INFO:colcon.colcon_core.shell:Creating package script '/home/ubuntu/slam_ws/install/my_slam_package/share/my_slam_package/package.sh'
[0.791s] INFO:colcon.colcon_core.shell:Creating package script '/home/ubuntu/slam_ws/install/my_slam_package/share/my_slam_package/package.bash'
[0.791s] INFO:colcon.colcon_core.shell:Creating package script '/home/ubuntu/slam_ws/install/my_slam_package/share/my_slam_package/package.zsh'
[0.792s] Level 1:colcon.colcon_core.environment:create_file_with_runtime_dependencies(/home/ubuntu/slam_ws/install/my_slam_package/share/colcon-core/packages/my_slam_package)
[0.792s] DEBUG:colcon.colcon_parallel_executor.executor.parallel:closing loop
[0.793s] DEBUG:colcon.colcon_parallel_executor.executor.parallel:loop closed
[0.793s] DEBUG:colcon.colcon_parallel_executor.executor.parallel:run_until_complete finished with '0'
[0.793s] DEBUG:colcon.colcon_core.event_reactor:joining thread
[0.804s] INFO:colcon.colcon_core.plugin_system:Skipping extension 'colcon_notification.desktop_notification.terminal_notifier': Not used on non-Darwin systems
[0.804s] INFO:colcon.colcon_core.plugin_system:Skipping extension 'colcon_notification.desktop_notification.win32': Not used on non-Windows systems
[0.804s] INFO:colcon.colcon_notification.desktop_notification:Sending desktop notification using 'notify2'
[0.837s] DEBUG:colcon.colcon_core.event_reactor:joined thread
[0.838s] INFO:colcon.colcon_core.shell:Creating prefix script '/home/ubuntu/slam_ws/install/local_setup.ps1'
[0.840s] INFO:colcon.colcon_core.shell:Creating prefix util module '/home/ubuntu/slam_ws/install/_local_setup_util_ps1.py'
[0.842s] INFO:colcon.colcon_core.shell:Creating prefix chain script '/home/ubuntu/slam_ws/install/setup.ps1'
[0.843s] INFO:colcon.colcon_core.shell:Creating prefix script '/home/ubuntu/slam_ws/install/local_setup.sh'
[0.844s] INFO:colcon.colcon_core.shell:Creating prefix util module '/home/ubuntu/slam_ws/install/_local_setup_util_sh.py'
[0.845s] INFO:colcon.colcon_core.shell:Creating prefix chain script '/home/ubuntu/slam_ws/install/setup.sh'
[0.848s] INFO:colcon.colcon_core.shell:Creating prefix script '/home/ubuntu/slam_ws/install/local_setup.bash'
[0.849s] INFO:colcon.colcon_core.shell:Creating prefix chain script '/home/ubuntu/slam_ws/install/setup.bash'
[0.851s] INFO:colcon.colcon_core.shell:Creating prefix script '/home/ubuntu/slam_ws/install/local_setup.zsh'
[0.851s] INFO:colcon.colcon_core.shell:Creating prefix chain script '/home/ubuntu/slam_ws/install/setup.zsh'
